{"/home/travis/build/npmtest/node-npmtest-trackjs/test.js":{"path":"/home/travis/build/npmtest/node-npmtest-trackjs/test.js","s":{"1":2,"2":2,"3":2,"4":2,"5":2,"6":2,"7":2,"8":1,"9":2,"10":2,"11":1,"12":1,"13":1,"14":1,"15":2,"16":2,"17":2,"18":2,"19":1,"20":1,"21":2,"22":2,"23":2,"24":1,"25":1,"26":1,"27":1,"28":1,"29":1,"30":1,"31":1,"32":1,"33":1,"34":1,"35":1,"36":1,"37":1,"38":1,"39":2,"40":2,"41":1,"42":2,"43":2,"44":1,"45":2,"46":2,"47":1,"48":2,"49":2,"50":1,"51":1,"52":1,"53":1,"54":1},"b":{"1":[2,1,1,1],"2":[1,1,1,1],"3":[1,1],"4":[1,1],"5":[1,1],"6":[1,1],"7":[1,1],"8":[1,1],"9":[1,1],"10":[1,1,1],"11":[1,1],"12":[1,1],"13":[1,1],"14":[1,1],"15":[1,1],"16":[1,1],"17":[1,1]},"f":{"1":2,"2":2,"3":2,"4":2,"5":2,"6":1,"7":1,"8":1,"9":2,"10":2,"11":2,"12":2,"13":1},"fnMap":{"1":{"name":"(anonymous_1)","line":12,"loc":{"start":{"line":12,"column":1},"end":{"line":12,"column":13}}},"2":{"name":"(anonymous_2)","line":19,"loc":{"start":{"line":19,"column":5},"end":{"line":19,"column":17}}},"3":{"name":"(anonymous_3)","line":23,"loc":{"start":{"line":23,"column":24},"end":{"line":23,"column":36}}},"4":{"name":"(anonymous_4)","line":61,"loc":{"start":{"line":61,"column":5},"end":{"line":61,"column":17}}},"5":{"name":"(anonymous_5)","line":82,"loc":{"start":{"line":82,"column":5},"end":{"line":82,"column":17}}},"6":{"name":"(anonymous_6)","line":91,"loc":{"start":{"line":91,"column":77},"end":{"line":94,"column":10}}},"7":{"name":"(anonymous_7)","line":112,"loc":{"start":{"line":112,"column":83},"end":{"line":115,"column":10}},"skip":true},"8":{"name":"(anonymous_8)","line":123,"loc":{"start":{"line":123,"column":77},"end":{"line":126,"column":10}},"skip":true},"9":{"name":"(anonymous_9)","line":139,"loc":{"start":{"line":139,"column":12},"end":{"line":139,"column":40}},"skip":true},"10":{"name":"(anonymous_10)","line":147,"loc":{"start":{"line":147,"column":77},"end":{"line":150,"column":10}},"skip":true},"11":{"name":"(anonymous_11)","line":158,"loc":{"start":{"line":158,"column":83},"end":{"line":161,"column":10}},"skip":true},"12":{"name":"(anonymous_12)","line":169,"loc":{"start":{"line":169,"column":79},"end":{"line":172,"column":10}},"skip":true},"13":{"name":"(anonymous_13)","line":180,"loc":{"start":{"line":180,"column":75},"end":{"line":183,"column":10}},"skip":true}},"statementMap":{"1":{"start":{"line":12,"column":0},"end":{"line":195,"column":5}},"2":{"start":{"line":14,"column":4},"end":{"line":14,"column":14}},"3":{"start":{"line":19,"column":4},"end":{"line":56,"column":9}},"4":{"start":{"line":21,"column":8},"end":{"line":21,"column":19}},"5":{"start":{"line":23,"column":8},"end":{"line":35,"column":13}},"6":{"start":{"line":24,"column":12},"end":{"line":34,"column":13}},"7":{"start":{"line":25,"column":16},"end":{"line":28,"column":30}},"8":{"start":{"line":30,"column":16},"end":{"line":33,"column":27}},"9":{"start":{"line":37,"column":8},"end":{"line":39,"column":21}},"10":{"start":{"line":40,"column":8},"end":{"line":53,"column":9}},"11":{"start":{"line":43,"column":12},"end":{"line":46,"column":14}},"12":{"start":{"line":47,"column":12},"end":{"line":47,"column":18}},"13":{"start":{"line":50,"column":12},"end":{"line":51,"column":33}},"14":{"start":{"line":52,"column":12},"end":{"line":52,"column":18}},"15":{"start":{"line":55,"column":8},"end":{"line":55,"column":35}},"16":{"start":{"line":61,"column":4},"end":{"line":63,"column":9}},"17":{"start":{"line":62,"column":8},"end":{"line":62,"column":15}},"18":{"start":{"line":64,"column":4},"end":{"line":77,"column":5}},"19":{"start":{"line":70,"column":8},"end":{"line":70,"column":14}},"20":{"start":{"line":76,"column":8},"end":{"line":76,"column":14}},"21":{"start":{"line":82,"column":4},"end":{"line":84,"column":9}},"22":{"start":{"line":83,"column":8},"end":{"line":83,"column":15}},"23":{"start":{"line":85,"column":4},"end":{"line":194,"column":5}},"24":{"start":{"line":91,"column":8},"end":{"line":99,"column":10}},"25":{"start":{"line":98,"column":12},"end":{"line":98,"column":35}},"26":{"start":{"line":102,"column":8},"end":{"line":104,"column":63}},"27":{"start":{"line":105,"column":8},"end":{"line":105,"column":14}},"28":{"start":{"line":112,"column":8},"end":{"line":121,"column":10},"skip":true},"29":{"start":{"line":119,"column":12},"end":{"line":119,"column":55},"skip":true},"30":{"start":{"line":120,"column":12},"end":{"line":120,"column":48},"skip":true},"31":{"start":{"line":123,"column":8},"end":{"line":136,"column":10},"skip":true},"32":{"start":{"line":130,"column":12},"end":{"line":130,"column":76},"skip":true},"33":{"start":{"line":131,"column":12},"end":{"line":131,"column":73},"skip":true},"34":{"start":{"line":132,"column":12},"end":{"line":132,"column":74},"skip":true},"35":{"start":{"line":133,"column":12},"end":{"line":133,"column":79},"skip":true},"36":{"start":{"line":134,"column":12},"end":{"line":134,"column":25},"skip":true},"37":{"start":{"line":135,"column":12},"end":{"line":135,"column":45},"skip":true},"38":{"start":{"line":138,"column":8},"end":{"line":145,"column":14},"skip":true},"39":{"start":{"line":143,"column":16},"end":{"line":143,"column":29},"skip":true},"40":{"start":{"line":144,"column":16},"end":{"line":144,"column":55},"skip":true},"41":{"start":{"line":147,"column":8},"end":{"line":156,"column":10},"skip":true},"42":{"start":{"line":154,"column":12},"end":{"line":154,"column":25},"skip":true},"43":{"start":{"line":155,"column":12},"end":{"line":155,"column":45},"skip":true},"44":{"start":{"line":158,"column":8},"end":{"line":167,"column":10},"skip":true},"45":{"start":{"line":165,"column":12},"end":{"line":165,"column":25},"skip":true},"46":{"start":{"line":166,"column":12},"end":{"line":166,"column":48},"skip":true},"47":{"start":{"line":169,"column":8},"end":{"line":178,"column":10},"skip":true},"48":{"start":{"line":176,"column":12},"end":{"line":176,"column":25},"skip":true},"49":{"start":{"line":177,"column":12},"end":{"line":177,"column":46},"skip":true},"50":{"start":{"line":180,"column":8},"end":{"line":189,"column":10},"skip":true},"51":{"start":{"line":187,"column":12},"end":{"line":187,"column":94},"skip":true},"52":{"start":{"line":188,"column":12},"end":{"line":188,"column":48},"skip":true},"53":{"start":{"line":192,"column":8},"end":{"line":192,"column":35},"skip":true},"54":{"start":{"line":193,"column":8},"end":{"line":193,"column":14},"skip":true}},"branchMap":{"1":{"line":25,"type":"binary-expr","locations":[{"start":{"line":25,"column":23},"end":{"line":25,"column":62}},{"start":{"line":26,"column":20},"end":{"line":26,"column":70}},{"start":{"line":27,"column":20},"end":{"line":27,"column":71}},{"start":{"line":28,"column":20},"end":{"line":28,"column":29}}]},"2":{"line":30,"type":"binary-expr","locations":[{"start":{"line":30,"column":23},"end":{"line":30,"column":37}},{"start":{"line":31,"column":20},"end":{"line":31,"column":61}},{"start":{"line":32,"column":20},"end":{"line":32,"column":70}},{"start":{"line":33,"column":20},"end":{"line":33,"column":26}}]},"3":{"line":37,"type":"cond-expr","locations":[{"start":{"line":38,"column":14},"end":{"line":38,"column":20}},{"start":{"line":39,"column":14},"end":{"line":39,"column":20}}]},"4":{"line":40,"type":"switch","locations":[{"start":{"line":42,"column":8},"end":{"line":47,"column":18}},{"start":{"line":49,"column":8},"end":{"line":52,"column":18}}]},"5":{"line":44,"type":"binary-expr","locations":[{"start":{"line":44,"column":16},"end":{"line":44,"column":44}},{"start":{"line":44,"column":48},"end":{"line":44,"column":66}}]},"6":{"line":50,"type":"binary-expr","locations":[{"start":{"line":50,"column":21},"end":{"line":50,"column":49}},{"start":{"line":50,"column":53},"end":{"line":50,"column":72}}]},"7":{"line":64,"type":"switch","locations":[{"start":{"line":69,"column":4},"end":{"line":70,"column":14}},{"start":{"line":75,"column":4},"end":{"line":76,"column":14}}]},"8":{"line":85,"type":"switch","locations":[{"start":{"line":90,"column":4},"end":{"line":105,"column":14}},{"start":{"line":111,"column":4},"end":{"line":193,"column":14},"skip":true}]},"9":{"line":91,"type":"binary-expr","locations":[{"start":{"line":91,"column":42},"end":{"line":91,"column":73}},{"start":{"line":91,"column":77},"end":{"line":99,"column":9}}]},"10":{"line":102,"type":"binary-expr","locations":[{"start":{"line":102,"column":18},"end":{"line":102,"column":32}},{"start":{"line":103,"column":12},"end":{"line":103,"column":53}},{"start":{"line":104,"column":12},"end":{"line":104,"column":61}}]},"11":{"line":112,"type":"binary-expr","locations":[{"start":{"line":112,"column":45},"end":{"line":112,"column":79},"skip":true},{"start":{"line":112,"column":83},"end":{"line":121,"column":9},"skip":true}]},"12":{"line":123,"type":"binary-expr","locations":[{"start":{"line":123,"column":42},"end":{"line":123,"column":73},"skip":true},{"start":{"line":123,"column":77},"end":{"line":136,"column":9},"skip":true}]},"13":{"line":138,"type":"binary-expr","locations":[{"start":{"line":138,"column":48},"end":{"line":138,"column":85},"skip":true},{"start":{"line":139,"column":12},"end":{"line":145,"column":13},"skip":true}]},"14":{"line":147,"type":"binary-expr","locations":[{"start":{"line":147,"column":42},"end":{"line":147,"column":73},"skip":true},{"start":{"line":147,"column":77},"end":{"line":156,"column":9},"skip":true}]},"15":{"line":158,"type":"binary-expr","locations":[{"start":{"line":158,"column":45},"end":{"line":158,"column":79},"skip":true},{"start":{"line":158,"column":83},"end":{"line":167,"column":9},"skip":true}]},"16":{"line":169,"type":"binary-expr","locations":[{"start":{"line":169,"column":43},"end":{"line":169,"column":75},"skip":true},{"start":{"line":169,"column":79},"end":{"line":178,"column":9},"skip":true}]},"17":{"line":180,"type":"binary-expr","locations":[{"start":{"line":180,"column":41},"end":{"line":180,"column":71},"skip":true},{"start":{"line":180,"column":75},"end":{"line":189,"column":9},"skip":true}]}},"code":["/* istanbul instrument in package npmtest_trackjs */","/*jslint","    bitwise: true,","    browser: true,","    maxerr: 8,","    maxlen: 96,","    node: true,","    nomen: true,","    regexp: true,","    stupid: true","*/","(function () {","    'use strict';","    var local;","","","","    // run shared js-env code - init-before","    (function () {","        // init local","        local = {};","        // init modeJs","        local.modeJs = (function () {","            try {","                return typeof navigator.userAgent === 'string' &&","                    typeof document.querySelector('body') === 'object' &&","                    typeof XMLHttpRequest.prototype.open === 'function' &&","                    'browser';","            } catch (errorCaughtBrowser) {","                return module.exports &&","                    typeof process.versions.node === 'string' &&","                    typeof require('http').createServer === 'function' &&","                    'node';","            }","        }());","        // init global","        local.global = local.modeJs === 'browser'","            ? window","            : global;","        switch (local.modeJs) {","        // re-init local from window.local","        case 'browser':","            local = local.global.utility2.objectSetDefault(","                local.global.utility2_rollup || local.global.local,","                local.global.utility2","            );","            break;","        // re-init local from example.js","        case 'node':","            local = (local.global.utility2_rollup || require('utility2'))","                .requireReadme();","            break;","        }","        // export local","        local.global.local = local;","    }());","","","","    // run shared js-env code - function","    (function () {","        return;","    }());","    switch (local.modeJs) {","","","","    // run browser js-env code - function","    case 'browser':","        break;","","","","    // run node js-env code - function","    case 'node':","        break;","    }","","","","    // run shared js-env code - init-after","    (function () {","        return;","    }());","    switch (local.modeJs) {","","","","    // run browser js-env code - init-after","    case 'browser':","        local.testCase_browser_nullCase = local.testCase_browser_nullCase || function (","            options,","            onError","        ) {","        /*","         * this function will test browsers's null-case handling-behavior-behavior","         */","            onError(null, options);","        };","","        // run tests","        local.nop(local.modeTest &&","            document.querySelector('#testRunButton1') &&","            document.querySelector('#testRunButton1').click());","        break;","","","","    // run node js-env code - init-after","    /* istanbul ignore next */","    case 'node':","        local.testCase_buildApidoc_default = local.testCase_buildApidoc_default || function (","            options,","            onError","        ) {","        /*","         * this function will test buildApidoc's default handling-behavior-behavior","         */","            options = { modulePathList: module.paths };","            local.buildApidoc(options, onError);","        };","","        local.testCase_buildApp_default = local.testCase_buildApp_default || function (","            options,","            onError","        ) {","        /*","         * this function will test buildApp's default handling-behavior-behavior","         */","            local.testCase_buildReadme_default(options, local.onErrorThrow);","            local.testCase_buildLib_default(options, local.onErrorThrow);","            local.testCase_buildTest_default(options, local.onErrorThrow);","            local.testCase_buildCustomOrg_default(options, local.onErrorThrow);","            options = [];","            local.buildApp(options, onError);","        };","","        local.testCase_buildCustomOrg_default = local.testCase_buildCustomOrg_default ||","            function (options, onError) {","            /*","             * this function will test buildCustomOrg's default handling-behavior","             */","                options = {};","                local.buildCustomOrg(options, onError);","            };","","        local.testCase_buildLib_default = local.testCase_buildLib_default || function (","            options,","            onError","        ) {","        /*","         * this function will test buildLib's default handling-behavior","         */","            options = {};","            local.buildLib(options, onError);","        };","","        local.testCase_buildReadme_default = local.testCase_buildReadme_default || function (","            options,","            onError","        ) {","        /*","         * this function will test buildReadme's default handling-behavior-behavior","         */","            options = {};","            local.buildReadme(options, onError);","        };","","        local.testCase_buildTest_default = local.testCase_buildTest_default || function (","            options,","            onError","        ) {","        /*","         * this function will test buildTest's default handling-behavior","         */","            options = {};","            local.buildTest(options, onError);","        };","","        local.testCase_webpage_default = local.testCase_webpage_default || function (","            options,","            onError","        ) {","        /*","         * this function will test webpage's default handling-behavior","         */","            options = { modeCoverageMerge: true, url: local.serverLocalHost + '?modeTest=1' };","            local.browserTest(options, onError);","        };","","        // run test-server","        local.testRunServer(local);","        break;","    }","}());",""],"l":{"12":2,"14":2,"19":2,"21":2,"23":2,"24":2,"25":2,"30":1,"37":2,"40":2,"43":1,"47":1,"50":1,"52":1,"55":2,"61":2,"62":2,"64":2,"70":1,"76":1,"82":2,"83":2,"85":2,"91":1,"98":1,"102":1,"105":1,"112":1,"119":1,"120":1,"123":1,"130":1,"131":1,"132":1,"133":1,"134":1,"135":1,"138":1,"143":2,"144":2,"147":1,"154":2,"155":2,"158":1,"165":2,"166":2,"169":1,"176":2,"177":2,"180":1,"187":1,"188":1,"192":1,"193":1}},"/home/travis/build/npmtest/node-npmtest-trackjs/lib.npmtest_trackjs.js":{"path":"/home/travis/build/npmtest/node-npmtest-trackjs/lib.npmtest_trackjs.js","s":{"1":2,"2":2,"3":2,"4":2,"5":2,"6":2,"7":2,"8":1,"9":2,"10":2,"11":2,"12":2,"13":1,"14":1,"15":1,"16":1},"b":{"1":[2,1,1,1],"2":[1,1,1,1],"3":[1,1],"4":[2,2],"5":[1,1]},"f":{"1":2,"2":2,"3":2},"fnMap":{"1":{"name":"(anonymous_1)","line":12,"loc":{"start":{"line":12,"column":1},"end":{"line":12,"column":13}}},"2":{"name":"(anonymous_2)","line":19,"loc":{"start":{"line":19,"column":5},"end":{"line":19,"column":17}}},"3":{"name":"(anonymous_3)","line":23,"loc":{"start":{"line":23,"column":24},"end":{"line":23,"column":36}}}},"statementMap":{"1":{"start":{"line":12,"column":0},"end":{"line":53,"column":5}},"2":{"start":{"line":14,"column":4},"end":{"line":14,"column":14}},"3":{"start":{"line":19,"column":4},"end":{"line":52,"column":9}},"4":{"start":{"line":21,"column":8},"end":{"line":21,"column":19}},"5":{"start":{"line":23,"column":8},"end":{"line":35,"column":13}},"6":{"start":{"line":24,"column":12},"end":{"line":34,"column":13}},"7":{"start":{"line":25,"column":16},"end":{"line":28,"column":30}},"8":{"start":{"line":30,"column":16},"end":{"line":33,"column":27}},"9":{"start":{"line":37,"column":8},"end":{"line":39,"column":21}},"10":{"start":{"line":41,"column":8},"end":{"line":41,"column":54}},"11":{"start":{"line":43,"column":8},"end":{"line":43,"column":52}},"12":{"start":{"line":45,"column":8},"end":{"line":51,"column":9}},"13":{"start":{"line":46,"column":12},"end":{"line":46,"column":58}},"14":{"start":{"line":48,"column":12},"end":{"line":48,"column":35}},"15":{"start":{"line":49,"column":12},"end":{"line":49,"column":49}},"16":{"start":{"line":50,"column":12},"end":{"line":50,"column":43}}},"branchMap":{"1":{"line":25,"type":"binary-expr","locations":[{"start":{"line":25,"column":23},"end":{"line":25,"column":62}},{"start":{"line":26,"column":20},"end":{"line":26,"column":70}},{"start":{"line":27,"column":20},"end":{"line":27,"column":71}},{"start":{"line":28,"column":20},"end":{"line":28,"column":29}}]},"2":{"line":30,"type":"binary-expr","locations":[{"start":{"line":30,"column":23},"end":{"line":30,"column":37}},{"start":{"line":31,"column":20},"end":{"line":31,"column":61}},{"start":{"line":32,"column":20},"end":{"line":32,"column":70}},{"start":{"line":33,"column":20},"end":{"line":33,"column":26}}]},"3":{"line":37,"type":"cond-expr","locations":[{"start":{"line":38,"column":14},"end":{"line":38,"column":20}},{"start":{"line":39,"column":14},"end":{"line":39,"column":20}}]},"4":{"line":41,"type":"binary-expr","locations":[{"start":{"line":41,"column":16},"end":{"line":41,"column":44}},{"start":{"line":41,"column":48},"end":{"line":41,"column":53}}]},"5":{"line":45,"type":"if","locations":[{"start":{"line":45,"column":8},"end":{"line":45,"column":8}},{"start":{"line":45,"column":8},"end":{"line":45,"column":8}}]}},"code":["/* istanbul instrument in package npmtest_trackjs */","/*jslint","    bitwise: true,","    browser: true,","    maxerr: 8,","    maxlen: 96,","    node: true,","    nomen: true,","    regexp: true,","    stupid: true","*/","(function () {","    'use strict';","    var local;","","","","    // run shared js-env code - init-before","    (function () {","        // init local","        local = {};","        // init modeJs","        local.modeJs = (function () {","            try {","                return typeof navigator.userAgent === 'string' &&","                    typeof document.querySelector('body') === 'object' &&","                    typeof XMLHttpRequest.prototype.open === 'function' &&","                    'browser';","            } catch (errorCaughtBrowser) {","                return module.exports &&","                    typeof process.versions.node === 'string' &&","                    typeof require('http').createServer === 'function' &&","                    'node';","            }","        }());","        // init global","        local.global = local.modeJs === 'browser'","            ? window","            : global;","        // init utility2_rollup","        local = local.global.utility2_rollup || local;","        // init lib","        local.local = local.npmtest_trackjs = local;","        // init exports","        if (local.modeJs === 'browser') {","            local.global.utility2_npmtest_trackjs = local;","        } else {","            module.exports = local;","            module.exports.__dirname = __dirname;","            module.exports.module = module;","        }","    }());","}());",""],"l":{"12":2,"14":2,"19":2,"21":2,"23":2,"24":2,"25":2,"30":1,"37":2,"41":2,"43":2,"45":2,"46":1,"48":1,"49":1,"50":1}},"/home/travis/build/npmtest/node-npmtest-trackjs/example.js":{"path":"/home/travis/build/npmtest/node-npmtest-trackjs/example.js","s":{"1":2,"2":2,"3":2,"4":2,"5":2,"6":2,"7":2,"8":1,"9":2,"10":2,"11":2,"12":2,"13":1,"14":2,"15":2,"16":2,"17":2,"18":2,"19":0,"20":2,"21":1,"22":1,"23":1,"24":1,"25":1,"26":0,"27":0,"28":1,"29":1,"30":2,"31":0,"32":0,"33":0,"34":1,"35":2,"36":2,"37":3,"38":3,"39":3,"40":3,"41":0,"42":3,"43":3,"44":3,"45":1,"46":3,"47":1,"48":1,"49":1,"50":1,"51":1,"52":1,"53":1,"54":1,"55":1,"56":1,"57":0,"58":1,"59":6,"60":6,"61":1,"62":2,"63":0,"64":2,"65":1,"66":1,"67":0,"68":0,"69":0,"70":0,"71":0,"72":0,"73":0,"74":0,"75":0,"76":0,"77":0,"78":0,"79":0,"80":0,"81":0,"82":0,"83":0},"b":{"1":[2,1,1,1],"2":[1,1,1,1],"3":[1,1],"4":[2,2],"5":[1,1],"6":[1,1],"7":[2,0],"8":[2,1,1,1,1,1],"9":[0,2,0],"10":[1,1],"11":[2,1,1],"12":[1,0],"13":[0,2],"14":[2,0,0,0,0,0,0],"15":[0,3],"16":[3,0],"17":[1,1],"18":[0,1],"19":[1,2,0,2],"20":[1,0],"21":[1,1],"22":[0,0],"23":[0,0],"24":[0,0],"25":[0,0],"26":[0,0],"27":[0,0],"28":[0,0]},"f":{"1":2,"2":2,"3":2,"4":2,"5":2,"6":2,"7":3,"8":3,"9":3,"10":1,"11":6,"12":0},"fnMap":{"1":{"name":"(anonymous_1)","line":26,"loc":{"start":{"line":26,"column":1},"end":{"line":26,"column":13}}},"2":{"name":"(anonymous_2)","line":33,"loc":{"start":{"line":33,"column":5},"end":{"line":33,"column":17}}},"3":{"name":"(anonymous_3)","line":37,"loc":{"start":{"line":37,"column":24},"end":{"line":37,"column":36}}},"4":{"name":"(anonymous_4)","line":69,"loc":{"start":{"line":69,"column":31},"end":{"line":69,"column":48}},"skip":true},"5":{"name":"(anonymous_5)","line":78,"loc":{"start":{"line":78,"column":26},"end":{"line":78,"column":45}},"skip":true},"6":{"name":"(anonymous_6)","line":123,"loc":{"start":{"line":123,"column":33},"end":{"line":123,"column":48}},"skip":true},"7":{"name":"(anonymous_7)","line":125,"loc":{"start":{"line":125,"column":27},"end":{"line":125,"column":39}},"skip":true},"8":{"name":"(anonymous_8)","line":133,"loc":{"start":{"line":133,"column":59},"end":{"line":133,"column":74}},"skip":true},"9":{"name":"(anonymous_9)","line":143,"loc":{"start":{"line":143,"column":45},"end":{"line":143,"column":62}},"skip":true},"10":{"name":"(anonymous_10)","line":144,"loc":{"start":{"line":144,"column":73},"end":{"line":144,"column":92}},"skip":true},"11":{"name":"(anonymous_11)","line":272,"loc":{"start":{"line":272,"column":51},"end":{"line":272,"column":77}},"skip":true},"12":{"name":"(anonymous_12)","line":315,"loc":{"start":{"line":315,"column":32},"end":{"line":315,"column":61}},"skip":true}},"statementMap":{"1":{"start":{"line":26,"column":0},"end":{"line":326,"column":5}},"2":{"start":{"line":28,"column":4},"end":{"line":28,"column":14}},"3":{"start":{"line":33,"column":4},"end":{"line":60,"column":9}},"4":{"start":{"line":35,"column":8},"end":{"line":35,"column":19}},"5":{"start":{"line":37,"column":8},"end":{"line":49,"column":13}},"6":{"start":{"line":38,"column":12},"end":{"line":48,"column":13}},"7":{"start":{"line":39,"column":16},"end":{"line":42,"column":30}},"8":{"start":{"line":44,"column":16},"end":{"line":47,"column":27}},"9":{"start":{"line":51,"column":8},"end":{"line":53,"column":21}},"10":{"start":{"line":55,"column":8},"end":{"line":57,"column":45}},"11":{"start":{"line":59,"column":8},"end":{"line":59,"column":35}},"12":{"start":{"line":61,"column":4},"end":{"line":325,"column":5}},"13":{"start":{"line":69,"column":8},"end":{"line":121,"column":10},"skip":true},"14":{"start":{"line":70,"column":12},"end":{"line":88,"column":13},"skip":true},"15":{"start":{"line":76,"column":16},"end":{"line":87,"column":19},"skip":true},"16":{"start":{"line":79,"column":20},"end":{"line":86,"column":21},"skip":true},"17":{"start":{"line":82,"column":24},"end":{"line":82,"column":43},"skip":true},"18":{"start":{"line":83,"column":24},"end":{"line":83,"column":30},"skip":true},"19":{"start":{"line":85,"column":24},"end":{"line":85,"column":49},"skip":true},"20":{"start":{"line":89,"column":12},"end":{"line":107,"column":13},"skip":true},"21":{"start":{"line":92,"column":16},"end":{"line":102,"column":17},"skip":true},"22":{"start":{"line":93,"column":20},"end":{"line":93,"column":86},"skip":true},"23":{"start":{"line":94,"column":20},"end":{"line":95,"column":45},"skip":true},"24":{"start":{"line":96,"column":20},"end":{"line":96,"column":42},"skip":true},"25":{"start":{"line":97,"column":20},"end":{"line":97,"column":48},"skip":true},"26":{"start":{"line":100,"column":20},"end":{"line":100,"column":85},"skip":true},"27":{"start":{"line":101,"column":20},"end":{"line":101,"column":96},"skip":true},"28":{"start":{"line":103,"column":16},"end":{"line":103,"column":22},"skip":true},"29":{"start":{"line":106,"column":16},"end":{"line":106,"column":22},"skip":true},"30":{"start":{"line":108,"column":12},"end":{"line":120,"column":13},"skip":true},"31":{"start":{"line":114,"column":16},"end":{"line":119,"column":17},"skip":true},"32":{"start":{"line":116,"column":20},"end":{"line":116,"column":78},"skip":true},"33":{"start":{"line":118,"column":20},"end":{"line":118,"column":47},"skip":true},"34":{"start":{"line":123,"column":8},"end":{"line":141,"column":11},"skip":true},"35":{"start":{"line":124,"column":12},"end":{"line":124,"column":54},"skip":true},"36":{"start":{"line":125,"column":12},"end":{"line":140,"column":14},"skip":true},"37":{"start":{"line":126,"column":16},"end":{"line":126,"column":28},"skip":true},"38":{"start":{"line":127,"column":16},"end":{"line":127,"column":69},"skip":true},"39":{"start":{"line":128,"column":16},"end":{"line":128,"column":75},"skip":true},"40":{"start":{"line":129,"column":16},"end":{"line":131,"column":17},"skip":true},"41":{"start":{"line":130,"column":20},"end":{"line":130,"column":27},"skip":true},"42":{"start":{"line":133,"column":16},"end":{"line":137,"column":36},"skip":true},"43":{"start":{"line":134,"column":20},"end":{"line":136,"column":55},"skip":true},"44":{"start":{"line":139,"column":16},"end":{"line":139,"column":57},"skip":true},"45":{"start":{"line":143,"column":8},"end":{"line":147,"column":11},"skip":true},"46":{"start":{"line":144,"column":12},"end":{"line":146,"column":15},"skip":true},"47":{"start":{"line":145,"column":16},"end":{"line":145,"column":70},"skip":true},"48":{"start":{"line":149,"column":8},"end":{"line":149,"column":31},"skip":true},"49":{"start":{"line":150,"column":8},"end":{"line":150,"column":14},"skip":true},"50":{"start":{"line":158,"column":8},"end":{"line":158,"column":31},"skip":true},"51":{"start":{"line":160,"column":8},"end":{"line":160,"column":33},"skip":true},"52":{"start":{"line":161,"column":8},"end":{"line":161,"column":37},"skip":true},"53":{"start":{"line":162,"column":8},"end":{"line":162,"column":35},"skip":true},"54":{"start":{"line":164,"column":8},"end":{"line":164,"column":50},"skip":true},"55":{"start":{"line":166,"column":8},"end":{"line":256,"column":2},"skip":true},"56":{"start":{"line":258,"column":8},"end":{"line":286,"column":9},"skip":true},"57":{"start":{"line":259,"column":12},"end":{"line":269,"column":14},"skip":true},"58":{"start":{"line":271,"column":12},"end":{"line":285,"column":19},"skip":true},"59":{"start":{"line":274,"column":20},"end":{"line":274,"column":35},"skip":true},"60":{"start":{"line":275,"column":20},"end":{"line":284,"column":21},"skip":true},"61":{"start":{"line":277,"column":24},"end":{"line":277,"column":64},"skip":true},"62":{"start":{"line":279,"column":24},"end":{"line":279,"column":40},"skip":true},"63":{"start":{"line":281,"column":24},"end":{"line":281,"column":40},"skip":true},"64":{"start":{"line":283,"column":24},"end":{"line":283,"column":39},"skip":true},"65":{"start":{"line":288,"column":8},"end":{"line":290,"column":9},"skip":true},"66":{"start":{"line":289,"column":12},"end":{"line":289,"column":18},"skip":true},"67":{"start":{"line":291,"column":8},"end":{"line":293,"column":54},"skip":true},"68":{"start":{"line":296,"column":8},"end":{"line":301,"column":37},"skip":true},"69":{"start":{"line":303,"column":8},"end":{"line":303,"column":82},"skip":true},"70":{"start":{"line":306,"column":8},"end":{"line":308,"column":9},"skip":true},"71":{"start":{"line":307,"column":12},"end":{"line":307,"column":82},"skip":true},"72":{"start":{"line":310,"column":8},"end":{"line":312,"column":9},"skip":true},"73":{"start":{"line":311,"column":12},"end":{"line":311,"column":18},"skip":true},"74":{"start":{"line":313,"column":8},"end":{"line":313,"column":54},"skip":true},"75":{"start":{"line":314,"column":8},"end":{"line":314,"column":69},"skip":true},"76":{"start":{"line":315,"column":8},"end":{"line":323,"column":36},"skip":true},"77":{"start":{"line":316,"column":12},"end":{"line":316,"column":61},"skip":true},"78":{"start":{"line":317,"column":12},"end":{"line":320,"column":13},"skip":true},"79":{"start":{"line":318,"column":16},"end":{"line":318,"column":75},"skip":true},"80":{"start":{"line":319,"column":16},"end":{"line":319,"column":23},"skip":true},"81":{"start":{"line":321,"column":12},"end":{"line":321,"column":38},"skip":true},"82":{"start":{"line":322,"column":12},"end":{"line":322,"column":27},"skip":true},"83":{"start":{"line":324,"column":8},"end":{"line":324,"column":14},"skip":true}},"branchMap":{"1":{"line":39,"type":"binary-expr","locations":[{"start":{"line":39,"column":23},"end":{"line":39,"column":62}},{"start":{"line":40,"column":20},"end":{"line":40,"column":70}},{"start":{"line":41,"column":20},"end":{"line":41,"column":71}},{"start":{"line":42,"column":20},"end":{"line":42,"column":29}}]},"2":{"line":44,"type":"binary-expr","locations":[{"start":{"line":44,"column":23},"end":{"line":44,"column":37}},{"start":{"line":45,"column":20},"end":{"line":45,"column":61}},{"start":{"line":46,"column":20},"end":{"line":46,"column":70}},{"start":{"line":47,"column":20},"end":{"line":47,"column":26}}]},"3":{"line":51,"type":"cond-expr","locations":[{"start":{"line":52,"column":14},"end":{"line":52,"column":20}},{"start":{"line":53,"column":14},"end":{"line":53,"column":20}}]},"4":{"line":55,"type":"binary-expr","locations":[{"start":{"line":55,"column":16},"end":{"line":55,"column":44}},{"start":{"line":55,"column":49},"end":{"line":57,"column":43}}]},"5":{"line":55,"type":"cond-expr","locations":[{"start":{"line":56,"column":14},"end":{"line":56,"column":51}},{"start":{"line":57,"column":14},"end":{"line":57,"column":43}}]},"6":{"line":61,"type":"switch","locations":[{"start":{"line":68,"column":4},"end":{"line":150,"column":14},"skip":true},{"start":{"line":156,"column":4},"end":{"line":324,"column":14},"skip":true}]},"7":{"line":70,"type":"if","locations":[{"start":{"line":70,"column":12},"end":{"line":70,"column":12},"skip":true},{"start":{"line":70,"column":12},"end":{"line":70,"column":12},"skip":true}]},"8":{"line":70,"type":"binary-expr","locations":[{"start":{"line":70,"column":16},"end":{"line":70,"column":22},"skip":true},{"start":{"line":70,"column":27},"end":{"line":70,"column":32},"skip":true},{"start":{"line":71,"column":20},"end":{"line":71,"column":39},"skip":true},{"start":{"line":72,"column":20},"end":{"line":72,"column":49},"skip":true},{"start":{"line":73,"column":20},"end":{"line":73,"column":58},"skip":true},{"start":{"line":74,"column":20},"end":{"line":74,"column":69},"skip":true}]},"9":{"line":79,"type":"switch","locations":[{"start":{"line":80,"column":20},"end":{"line":80,"column":33},"skip":true},{"start":{"line":81,"column":20},"end":{"line":83,"column":30},"skip":true},{"start":{"line":84,"column":20},"end":{"line":85,"column":49},"skip":true}]},"10":{"line":89,"type":"switch","locations":[{"start":{"line":90,"column":12},"end":{"line":103,"column":22},"skip":true},{"start":{"line":105,"column":12},"end":{"line":106,"column":22},"skip":true}]},"11":{"line":89,"type":"binary-expr","locations":[{"start":{"line":89,"column":20},"end":{"line":89,"column":25},"skip":true},{"start":{"line":89,"column":29},"end":{"line":89,"column":48},"skip":true},{"start":{"line":89,"column":52},"end":{"line":89,"column":74},"skip":true}]},"12":{"line":92,"type":"if","locations":[{"start":{"line":92,"column":16},"end":{"line":92,"column":16},"skip":true},{"start":{"line":92,"column":16},"end":{"line":92,"column":16},"skip":true}]},"13":{"line":108,"type":"if","locations":[{"start":{"line":108,"column":12},"end":{"line":108,"column":12},"skip":true},{"start":{"line":108,"column":12},"end":{"line":108,"column":12},"skip":true}]},"14":{"line":108,"type":"binary-expr","locations":[{"start":{"line":108,"column":16},"end":{"line":108,"column":61},"skip":true},{"start":{"line":108,"column":66},"end":{"line":108,"column":72},"skip":true},{"start":{"line":108,"column":77},"end":{"line":108,"column":82},"skip":true},{"start":{"line":109,"column":20},"end":{"line":109,"column":39},"skip":true},{"start":{"line":110,"column":20},"end":{"line":110,"column":49},"skip":true},{"start":{"line":111,"column":20},"end":{"line":111,"column":58},"skip":true},{"start":{"line":112,"column":20},"end":{"line":112,"column":68},"skip":true}]},"15":{"line":129,"type":"if","locations":[{"start":{"line":129,"column":16},"end":{"line":129,"column":16},"skip":true},{"start":{"line":129,"column":16},"end":{"line":129,"column":16},"skip":true}]},"16":{"line":134,"type":"cond-expr","locations":[{"start":{"line":135,"column":26},"end":{"line":135,"column":29},"skip":true},{"start":{"line":136,"column":26},"end":{"line":136,"column":54},"skip":true}]},"17":{"line":164,"type":"binary-expr","locations":[{"start":{"line":164,"column":27},"end":{"line":164,"column":43},"skip":true},{"start":{"line":164,"column":47},"end":{"line":164,"column":49},"skip":true}]},"18":{"line":258,"type":"if","locations":[{"start":{"line":258,"column":8},"end":{"line":258,"column":8},"skip":true},{"start":{"line":258,"column":8},"end":{"line":258,"column":8},"skip":true}]},"19":{"line":275,"type":"switch","locations":[{"start":{"line":276,"column":20},"end":{"line":277,"column":64},"skip":true},{"start":{"line":278,"column":20},"end":{"line":279,"column":40},"skip":true},{"start":{"line":280,"column":20},"end":{"line":281,"column":40},"skip":true},{"start":{"line":282,"column":20},"end":{"line":283,"column":39},"skip":true}]},"20":{"line":288,"type":"if","locations":[{"start":{"line":288,"column":8},"end":{"line":288,"column":8},"skip":true},{"start":{"line":288,"column":8},"end":{"line":288,"column":8},"skip":true}]},"21":{"line":288,"type":"binary-expr","locations":[{"start":{"line":288,"column":12},"end":{"line":288,"column":40},"skip":true},{"start":{"line":288,"column":44},"end":{"line":288,"column":67},"skip":true}]},"22":{"line":292,"type":"binary-expr","locations":[{"start":{"line":292,"column":12},"end":{"line":292,"column":50},"skip":true},{"start":{"line":293,"column":12},"end":{"line":293,"column":53},"skip":true}]},"23":{"line":297,"type":"binary-expr","locations":[{"start":{"line":297,"column":12},"end":{"line":297,"column":65},"skip":true},{"start":{"line":298,"column":12},"end":{"line":301,"column":36},"skip":true}]},"24":{"line":303,"type":"binary-expr","locations":[{"start":{"line":303,"column":43},"end":{"line":303,"column":75},"skip":true},{"start":{"line":303,"column":79},"end":{"line":303,"column":81},"skip":true}]},"25":{"line":306,"type":"if","locations":[{"start":{"line":306,"column":8},"end":{"line":306,"column":8},"skip":true},{"start":{"line":306,"column":8},"end":{"line":306,"column":8},"skip":true}]},"26":{"line":310,"type":"if","locations":[{"start":{"line":310,"column":8},"end":{"line":310,"column":8},"skip":true},{"start":{"line":310,"column":8},"end":{"line":310,"column":8},"skip":true}]},"27":{"line":313,"type":"binary-expr","locations":[{"start":{"line":313,"column":27},"end":{"line":313,"column":43},"skip":true},{"start":{"line":313,"column":47},"end":{"line":313,"column":53},"skip":true}]},"28":{"line":317,"type":"if","locations":[{"start":{"line":317,"column":12},"end":{"line":317,"column":12},"skip":true},{"start":{"line":317,"column":12},"end":{"line":317,"column":12},"skip":true}]}},"code":["/*","example.js","","quickstart example","","instruction","    1. save this script as example.js","    2. run the shell command:","        $ npm install npmtest-trackjs && PORT=8081 node example.js","    3. play with the browser-demo on http://127.0.0.1:8081","*/","","","","/* istanbul instrument in package npmtest_trackjs */","/*jslint","    bitwise: true,","    browser: true,","    maxerr: 8,","    maxlen: 96,","    node: true,","    nomen: true,","    regexp: true,","    stupid: true","*/","(function () {","    'use strict';","    var local;","","","","    // run shared js-env code - init-before","    (function () {","        // init local","        local = {};","        // init modeJs","        local.modeJs = (function () {","            try {","                return typeof navigator.userAgent === 'string' &&","                    typeof document.querySelector('body') === 'object' &&","                    typeof XMLHttpRequest.prototype.open === 'function' &&","                    'browser';","            } catch (errorCaughtBrowser) {","                return module.exports &&","                    typeof process.versions.node === 'string' &&","                    typeof require('http').createServer === 'function' &&","                    'node';","            }","        }());","        // init global","        local.global = local.modeJs === 'browser'","            ? window","            : global;","        // init utility2_rollup","        local = local.global.utility2_rollup || (local.modeJs === 'browser'","            ? local.global.utility2_npmtest_trackjs","            : global.utility2_moduleExports);","        // export local","        local.global.local = local;","    }());","    switch (local.modeJs) {","","","","    // init-after","    // run browser js-env code - init-after","    /* istanbul ignore next */","    case 'browser':","        local.testRunBrowser = function (event) {","            if (!event || (event &&","                    event.currentTarget &&","                    event.currentTarget.className &&","                    event.currentTarget.className.includes &&","                    event.currentTarget.className.includes('onreset'))) {","                // reset output","                Array.from(","                    document.querySelectorAll('body > .resettable')","                ).forEach(function (element) {","                    switch (element.tagName) {","                    case 'INPUT':","                    case 'TEXTAREA':","                        element.value = '';","                        break;","                    default:","                        element.textContent = '';","                    }","                });","            }","            switch (event && event.currentTarget && event.currentTarget.id) {","            case 'testRunButton1':","                // show tests","                if (document.querySelector('#testReportDiv1').style.display === 'none') {","                    document.querySelector('#testReportDiv1').style.display = 'block';","                    document.querySelector('#testRunButton1').textContent =","                        'hide internal test';","                    local.modeTest = true;","                    local.testRunDefault(local);","                // hide tests","                } else {","                    document.querySelector('#testReportDiv1').style.display = 'none';","                    document.querySelector('#testRunButton1').textContent = 'run internal test';","                }","                break;","            // custom-case","            default:","                break;","            }","            if (document.querySelector('#inputTextareaEval1') && (!event || (event &&","                    event.currentTarget &&","                    event.currentTarget.className &&","                    event.currentTarget.className.includes &&","                    event.currentTarget.className.includes('oneval')))) {","                // try to eval input-code","                try {","                    /*jslint evil: true*/","                    eval(document.querySelector('#inputTextareaEval1').value);","                } catch (errorCaught) {","                    console.error(errorCaught);","                }","            }","        };","        // log stderr and stdout to #outputTextareaStdout1","        ['error', 'log'].forEach(function (key) {","            console[key + '_original'] = console[key];","            console[key] = function () {","                var element;","                console[key + '_original'].apply(console, arguments);","                element = document.querySelector('#outputTextareaStdout1');","                if (!element) {","                    return;","                }","                // append text to #outputTextareaStdout1","                element.value += Array.from(arguments).map(function (arg) {","                    return typeof arg === 'string'","                        ? arg","                        : JSON.stringify(arg, null, 4);","                }).join(' ') + '\\n';","                // scroll textarea to bottom","                element.scrollTop = element.scrollHeight;","            };","        });","        // init event-handling","        ['change', 'click', 'keyup'].forEach(function (event) {","            Array.from(document.querySelectorAll('.on' + event)).forEach(function (element) {","                element.addEventListener(event, local.testRunBrowser);","            });","        });","        // run tests","        local.testRunBrowser();","        break;","","","","    // run node js-env code - init-after","    /* istanbul ignore next */","    case 'node':","        // export local","        module.exports = local;","        // require modules","        local.fs = require('fs');","        local.http = require('http');","        local.url = require('url');","        // init assets","        local.assetsDict = local.assetsDict || {};","        /* jslint-ignore-begin */","        local.assetsDict['/assets.index.template.html'] = '\\","<!doctype html>\\n\\","<html lang=\"en\">\\n\\","<head>\\n\\","<meta charset=\"UTF-8\">\\n\\","<meta name=\"viewport\" content=\"width=device-width, initial-scale=1\">\\n\\","<title>{{env.npm_package_name}} (v{{env.npm_package_version}})</title>\\n\\","<style>\\n\\","/*csslint\\n\\","    box-sizing: false,\\n\\","    universal-selector: false\\n\\","*/\\n\\","* {\\n\\","    box-sizing: border-box;\\n\\","}\\n\\","body {\\n\\","    background: #dde;\\n\\","    font-family: Arial, Helvetica, sans-serif;\\n\\","    margin: 2rem;\\n\\","}\\n\\","body > * {\\n\\","    margin-bottom: 1rem;\\n\\","}\\n\\",".utility2FooterDiv {\\n\\","    margin-top: 20px;\\n\\","    text-align: center;\\n\\","}\\n\\","</style>\\n\\","<style>\\n\\","/*csslint\\n\\","*/\\n\\","textarea {\\n\\","    font-family: monospace;\\n\\","    height: 10rem;\\n\\","    width: 100%;\\n\\","}\\n\\","textarea[readonly] {\\n\\","    background: #ddd;\\n\\","}\\n\\","</style>\\n\\","</head>\\n\\","<body>\\n\\","<!-- utility2-comment\\n\\","<div id=\"ajaxProgressDiv1\" style=\"background: #d00; height: 2px; left: 0; margin: 0; padding: 0; position: fixed; top: 0; transition: background 0.5s, width 1.5s; width: 25%;\"></div>\\n\\","utility2-comment -->\\n\\","<h1>\\n\\","<!-- utility2-comment\\n\\","    <a\\n\\","        {{#if env.npm_package_homepage}}\\n\\","        href=\"{{env.npm_package_homepage}}\"\\n\\","        {{/if env.npm_package_homepage}}\\n\\","        target=\"_blank\"\\n\\","    >\\n\\","utility2-comment -->\\n\\","        {{env.npm_package_name}} (v{{env.npm_package_version}})\\n\\","<!-- utility2-comment\\n\\","    </a>\\n\\","utility2-comment -->\\n\\","</h1>\\n\\","<h3>{{env.npm_package_description}}</h3>\\n\\","<!-- utility2-comment\\n\\","<h4><a download href=\"assets.app.js\">download standalone app</a></h4>\\n\\","<button class=\"onclick onreset\" id=\"testRunButton1\">run internal test</button><br>\\n\\","<div id=\"testReportDiv1\" style=\"display: none;\"></div>\\n\\","utility2-comment -->\\n\\","\\n\\","\\n\\","\\n\\","<label>stderr and stdout</label>\\n\\","<textarea class=\"resettable\" id=\"outputTextareaStdout1\" readonly></textarea>\\n\\","<!-- utility2-comment\\n\\","{{#if isRollup}}\\n\\","<script src=\"assets.app.js\"></script>\\n\\","{{#unless isRollup}}\\n\\","utility2-comment -->\\n\\","<script src=\"assets.utility2.rollup.js\"></script>\\n\\","<script src=\"jsonp.utility2._stateInit?callback=window.utility2._stateInit\"></script>\\n\\","<script src=\"assets.npmtest_trackjs.rollup.js\"></script>\\n\\","<script src=\"assets.example.js\"></script>\\n\\","<script src=\"assets.test.js\"></script>\\n\\","<!-- utility2-comment\\n\\","{{/if isRollup}}\\n\\","utility2-comment -->\\n\\","<div class=\"utility2FooterDiv\">\\n\\","    [ this app was created with\\n\\","    <a href=\"https://github.com/kaizhu256/node-utility2\" target=\"_blank\">utility2</a>\\n\\","    ]\\n\\","</div>\\n\\","</body>\\n\\","</html>\\n\\","';","        /* jslint-ignore-end */","        if (local.templateRender) {","            local.assetsDict['/'] = local.templateRender(","                local.assetsDict['/assets.index.template.html'],","                {","                    env: local.objectSetDefault(local.env, {","                        npm_package_description: 'the greatest app in the world!',","                        npm_package_name: 'my-app',","                        npm_package_nameAlias: 'my_app',","                        npm_package_version: '0.0.1'","                    })","                }","            );","        } else {","            local.assetsDict['/'] = local.assetsDict['/assets.index.template.html']","                .replace((/\\{\\{env\\.(\\w+?)\\}\\}/g), function (match0, match1) {","                    // jslint-hack","                    String(match0);","                    switch (match1) {","                    case 'npm_package_description':","                        return 'the greatest app in the world!';","                    case 'npm_package_name':","                        return 'my-app';","                    case 'npm_package_nameAlias':","                        return 'my_app';","                    case 'npm_package_version':","                        return '0.0.1';","                    }","                });","        }","        // run the cli","        if (local.global.utility2_rollup || module !== require.main) {","            break;","        }","        local.assetsDict['/assets.example.js'] =","            local.assetsDict['/assets.example.js'] ||","            local.fs.readFileSync(__filename, 'utf8');","        // bug-workaround - long $npm_package_buildCustomOrg","        /* jslint-ignore-begin */","        local.assetsDict['/assets.npmtest_trackjs.rollup.js'] =","            local.assetsDict['/assets.npmtest_trackjs.rollup.js'] ||","            local.fs.readFileSync(","                local.npmtest_trackjs.__dirname + '/lib.npmtest_trackjs.js',","                'utf8'","            ).replace((/^#!/), '//');","        /* jslint-ignore-end */","        local.assetsDict['/favicon.ico'] = local.assetsDict['/favicon.ico'] || '';","        // if $npm_config_timeout_exit exists,","        // then exit this process after $npm_config_timeout_exit ms","        if (Number(process.env.npm_config_timeout_exit)) {","            setTimeout(process.exit, Number(process.env.npm_config_timeout_exit));","        }","        // start server","        if (local.global.utility2_serverHttp1) {","            break;","        }","        process.env.PORT = process.env.PORT || '8081';","        console.error('server starting on port ' + process.env.PORT);","        local.http.createServer(function (request, response) {","            request.urlParsed = local.url.parse(request.url);","            if (local.assetsDict[request.urlParsed.pathname] !== undefined) {","                response.end(local.assetsDict[request.urlParsed.pathname]);","                return;","            }","            response.statusCode = 404;","            response.end();","        }).listen(process.env.PORT);","        break;","    }","}());",""],"l":{"26":2,"28":2,"33":2,"35":2,"37":2,"38":2,"39":2,"44":1,"51":2,"55":2,"59":2,"61":2,"69":1,"70":2,"76":2,"79":2,"82":2,"83":2,"85":1,"89":2,"92":1,"93":1,"94":1,"96":1,"97":1,"100":1,"101":1,"103":1,"106":1,"108":2,"114":1,"116":1,"118":1,"123":1,"124":2,"125":2,"126":3,"127":3,"128":3,"129":3,"130":1,"133":3,"134":3,"139":3,"143":1,"144":3,"145":1,"149":1,"150":1,"158":1,"160":1,"161":1,"162":1,"164":1,"166":1,"258":1,"259":1,"271":1,"274":6,"275":6,"277":1,"279":2,"281":1,"283":2,"288":1,"289":1,"291":1,"296":1,"303":1,"306":1,"307":1,"310":1,"311":1,"313":1,"314":1,"315":1,"316":1,"317":1,"318":1,"319":1,"321":1,"322":1,"324":1}},"/home/travis/build/npmtest/node-npmtest-trackjs/node_modules/trackjs/tracker.js":{"path":"/home/travis/build/npmtest/node-npmtest-trackjs/node_modules/trackjs/tracker.js","s":{"1":2,"2":0,"3":0,"4":0,"5":0,"6":0,"7":0,"8":0,"9":0,"10":0,"11":0,"12":0,"13":0,"14":0,"15":0,"16":0,"17":0,"18":0,"19":0,"20":0,"21":0,"22":0,"23":0,"24":0,"25":0,"26":0,"27":0,"28":0,"29":0,"30":0,"31":0,"32":0,"33":0,"34":0,"35":0,"36":0,"37":0,"38":0,"39":0,"40":0,"41":0,"42":0,"43":0,"44":0,"45":0,"46":0,"47":0,"48":0,"49":0,"50":0,"51":0,"52":0,"53":0,"54":0,"55":0,"56":0,"57":0,"58":0,"59":0,"60":0,"61":0,"62":0,"63":0,"64":0,"65":0,"66":1,"67":0,"68":0,"69":0,"70":0,"71":0,"72":0,"73":0,"74":0,"75":0,"76":0,"77":0,"78":0,"79":0,"80":0,"81":0,"82":0,"83":0,"84":0,"85":0,"86":0,"87":0,"88":0,"89":0,"90":0,"91":0,"92":0,"93":0,"94":0,"95":0,"96":0,"97":0,"98":0,"99":0,"100":0,"101":0,"102":0,"103":0,"104":0,"105":0,"106":0,"107":0,"108":0,"109":0,"110":0,"111":0,"112":0,"113":0,"114":0,"115":0,"116":0,"117":0,"118":0,"119":0,"120":0,"121":0,"122":0,"123":0,"124":0,"125":0,"126":0,"127":0,"128":0,"129":0,"130":0,"131":0,"132":0,"133":0,"134":0,"135":0,"136":0,"137":0,"138":0,"139":0,"140":0,"141":0,"142":0,"143":0,"144":0,"145":0,"146":0,"147":0,"148":0,"149":0,"150":0,"151":0,"152":0,"153":0,"154":0,"155":0,"156":0,"157":0,"158":0,"159":0,"160":0,"161":0,"162":0,"163":0,"164":0,"165":0,"166":0,"167":0,"168":0,"169":0,"170":0,"171":0,"172":0,"173":0,"174":0,"175":0,"176":0,"177":0,"178":0,"179":0,"180":0,"181":0,"182":0,"183":0,"184":0,"185":0,"186":0,"187":0,"188":0,"189":0,"190":0,"191":0,"192":0,"193":0,"194":0,"195":0,"196":0,"197":0,"198":0,"199":0,"200":0,"201":0,"202":0,"203":0,"204":0,"205":0,"206":0,"207":0,"208":0,"209":0,"210":0,"211":0,"212":0,"213":0,"214":0,"215":0,"216":0,"217":0,"218":0,"219":0,"220":0,"221":0,"222":0,"223":0,"224":0,"225":0,"226":0,"227":0,"228":0,"229":0,"230":0,"231":0,"232":0,"233":0,"234":0,"235":0,"236":0,"237":0,"238":0,"239":0,"240":0,"241":0,"242":0,"243":0,"244":0,"245":0,"246":0,"247":0,"248":0,"249":0,"250":0,"251":0,"252":0,"253":0,"254":0,"255":0,"256":0,"257":0,"258":0,"259":0,"260":0,"261":0,"262":0,"263":0,"264":0,"265":0,"266":0,"267":0,"268":0,"269":0,"270":0,"271":0,"272":0,"273":0,"274":0,"275":0,"276":0,"277":0,"278":0,"279":0,"280":0,"281":0,"282":0,"283":0,"284":0,"285":0,"286":0,"287":0,"288":0,"289":0,"290":0,"291":0,"292":0,"293":0,"294":0,"295":0,"296":0,"297":0,"298":0,"299":0,"300":0,"301":0,"302":0,"303":0,"304":0,"305":1,"306":0,"307":0,"308":0,"309":0,"310":0,"311":0,"312":1,"313":0,"314":0,"315":0,"316":0,"317":0,"318":0,"319":0,"320":0,"321":0,"322":0,"323":0,"324":0,"325":0,"326":0,"327":0,"328":0,"329":0,"330":0,"331":0,"332":0,"333":0,"334":0,"335":0,"336":0,"337":0,"338":0,"339":0,"340":0,"341":0,"342":0,"343":0,"344":0,"345":0,"346":0,"347":0,"348":0,"349":0,"350":0,"351":0,"352":0,"353":0,"354":0,"355":0,"356":0,"357":0,"358":0,"359":0,"360":0,"361":0,"362":0,"363":0,"364":0,"365":0,"366":0,"367":0,"368":0,"369":0,"370":0,"371":0,"372":0,"373":0,"374":0,"375":0,"376":0,"377":0,"378":0,"379":0,"380":0,"381":0,"382":0,"383":0,"384":0,"385":0,"386":0,"387":0,"388":0,"389":0,"390":0,"391":0,"392":0,"393":0,"394":0,"395":0,"396":0,"397":0,"398":0,"399":0,"400":0,"401":0,"402":0,"403":0,"404":0,"405":0,"406":0,"407":0,"408":0,"409":0,"410":0,"411":0,"412":0,"413":0,"414":0,"415":0,"416":0,"417":0,"418":0,"419":0,"420":0,"421":0,"422":0,"423":0,"424":0,"425":0,"426":0,"427":0,"428":0,"429":0,"430":0,"431":0,"432":0,"433":0,"434":0,"435":0,"436":0,"437":0,"438":0,"439":0,"440":0,"441":0,"442":0,"443":0,"444":0,"445":0,"446":0,"447":0,"448":0,"449":0,"450":0,"451":0,"452":0,"453":0,"454":0,"455":0,"456":0,"457":0,"458":0,"459":0,"460":0,"461":0,"462":0,"463":0,"464":0,"465":0,"466":0,"467":0,"468":0,"469":0,"470":0,"471":0,"472":0,"473":0,"474":0,"475":0,"476":0,"477":0,"478":0,"479":0,"480":0,"481":0,"482":0,"483":0,"484":0,"485":0,"486":0,"487":0,"488":0,"489":0,"490":0,"491":0,"492":0,"493":0,"494":0,"495":0,"496":0,"497":0,"498":0,"499":0,"500":0,"501":0,"502":0,"503":0,"504":0,"505":0,"506":0,"507":0,"508":0,"509":0,"510":0,"511":0,"512":0,"513":0,"514":0,"515":0,"516":0,"517":0,"518":0,"519":0,"520":0,"521":0,"522":0,"523":0,"524":0,"525":0,"526":0,"527":0,"528":0,"529":0,"530":0,"531":0,"532":0,"533":0,"534":0,"535":0,"536":0,"537":0,"538":0,"539":0,"540":0,"541":0,"542":0,"543":0,"544":0,"545":0,"546":0,"547":0,"548":0,"549":0,"550":0,"551":0,"552":0,"553":0,"554":0,"555":0,"556":0,"557":0,"558":0,"559":0,"560":0},"b":{"1":[0,0],"2":[0,0,0],"3":[0,0],"4":[0,0],"5":[0,0],"6":[0,0],"7":[0,0],"8":[0,0],"9":[0,0],"10":[0,0],"11":[0,0],"12":[0,0],"13":[0,0,0,0],"14":[0,0],"15":[0,0],"16":[0,0,0],"17":[0,0],"18":[0,0],"19":[0,0],"20":[0,0],"21":[0,0],"22":[0,0],"23":[0,0,0,0,0],"24":[0,0],"25":[0,0],"26":[0,0],"27":[0,0],"28":[0,0,0,0],"29":[0,0],"30":[0,0,0],"31":[0,0],"32":[0,0],"33":[0,0],"34":[0,0],"35":[0,0],"36":[0,0,0],"37":[0,0],"38":[0,0],"39":[0,0],"40":[0,0],"41":[0,0],"42":[0,0],"43":[0,0],"44":[0,0],"45":[0,0],"46":[0,0],"47":[0,0],"48":[0,0],"49":[0,0],"50":[0,0],"51":[0,0],"52":[0,0],"53":[0,0],"54":[0,0],"55":[0,0],"56":[0,0],"57":[0,0],"58":[0,0],"59":[0,0],"60":[0,0],"61":[0,0],"62":[0,0],"63":[0,0],"64":[0,0],"65":[0,0],"66":[0,0,0,0],"67":[0,0,0,0],"68":[0,0,0,0],"69":[0,0],"70":[0,0,0,0,0,0,0,0],"71":[0,0],"72":[0,0,0],"73":[0,0],"74":[0,0,0],"75":[0,0],"76":[0,0],"77":[0,0],"78":[0,0],"79":[0,0],"80":[0,0,0],"81":[0,0],"82":[0,0],"83":[0,0,0],"84":[0,0,0],"85":[0,0],"86":[0,0],"87":[0,0],"88":[0,0,0],"89":[0,0],"90":[0,0],"91":[0,0,0],"92":[0,0],"93":[0,0],"94":[0,0],"95":[0,0],"96":[0,0],"97":[0,0],"98":[0,0,0],"99":[0,0],"100":[0,0,0],"101":[0,0,0],"102":[0,0],"103":[0,0],"104":[0,0],"105":[0,0],"106":[0,0],"107":[0,0],"108":[0,0,0],"109":[0,0],"110":[0,0],"111":[0,0],"112":[0,0],"113":[0,0],"114":[0,0],"115":[0,0],"116":[0,0,0],"117":[0,0],"118":[0,0],"119":[0,0],"120":[0,0],"121":[0,0],"122":[0,0,0],"123":[0,0],"124":[0,0],"125":[0,0],"126":[0,0],"127":[0,0,0],"128":[0,0],"129":[0,0],"130":[0,0],"131":[0,0],"132":[0,0],"133":[0,0],"134":[0,0,0,0],"135":[0,0],"136":[0,0,0],"137":[0,0],"138":[0,0,0,0],"139":[0,0],"140":[0,0],"141":[0,0],"142":[0,0],"143":[0,0],"144":[0,0],"145":[0,0],"146":[0,0],"147":[0,0],"148":[0,0],"149":[0,0],"150":[0,0],"151":[0,0],"152":[0,0],"153":[0,0],"154":[0,0],"155":[0,0],"156":[0,0],"157":[0,0],"158":[0,0],"159":[0,0],"160":[0,0,0],"161":[0,0],"162":[0,0,0],"163":[0,0],"164":[0,0],"165":[0,0],"166":[0,0],"167":[0,0],"168":[0,0,0],"169":[0,0,0],"170":[0,0],"171":[0,0],"172":[0,0,0],"173":[0,0],"174":[0,0],"175":[0,0],"176":[0,0],"177":[0,0],"178":[0,0],"179":[0,0],"180":[0,0],"181":[0,0],"182":[0,0],"183":[0,0],"184":[0,0],"185":[0,0],"186":[0,0],"187":[0,0],"188":[0,0],"189":[0,0],"190":[0,0],"191":[0,0],"192":[0,0],"193":[0,0],"194":[0,0],"195":[0,0],"196":[0,0],"197":[0,0],"198":[0,0],"199":[0,0],"200":[0,0,0],"201":[0,0,0],"202":[0,0],"203":[0,0],"204":[0,0],"205":[0,0],"206":[0,0],"207":[0,0],"208":[0,0],"209":[0,0],"210":[0,0,0,0],"211":[0,0],"212":[0,0],"213":[0,0],"214":[0,0],"215":[0,0,0],"216":[0,0],"217":[0,0],"218":[0,0],"219":[0,0],"220":[0,0],"221":[0,0],"222":[0,0],"223":[0,0],"224":[0,0],"225":[0,0],"226":[0,0],"227":[0,0],"228":[0,0],"229":[0,0],"230":[0,0],"231":[0,0],"232":[0,0],"233":[0,0,0,0],"234":[0,0],"235":[0,0],"236":[0,0],"237":[0,0],"238":[0,0,0],"239":[0,0]},"f":{"1":0,"2":0,"3":0,"4":0,"5":0,"6":0,"7":0,"8":0,"9":0,"10":0,"11":0,"12":0,"13":0,"14":0,"15":0,"16":0,"17":0,"18":0,"19":0,"20":0,"21":0,"22":0,"23":0,"24":0,"25":0,"26":0,"27":0,"28":0,"29":0,"30":0,"31":0,"32":0,"33":0,"34":0,"35":0,"36":0,"37":0,"38":0,"39":0,"40":0,"41":0,"42":0,"43":0,"44":0,"45":0,"46":0,"47":0,"48":0,"49":0,"50":0,"51":0,"52":0,"53":0,"54":0,"55":0,"56":0,"57":0,"58":0,"59":0,"60":0,"61":0,"62":0,"63":0,"64":0,"65":0,"66":0,"67":0,"68":0,"69":0,"70":0,"71":0,"72":0,"73":0,"74":0,"75":0,"76":0,"77":0,"78":0,"79":0,"80":0,"81":0,"82":0,"83":0,"84":0,"85":0,"86":0,"87":0,"88":0,"89":0,"90":0,"91":0,"92":0,"93":0,"94":0,"95":0,"96":0,"97":0,"98":0,"99":0,"100":0,"101":0,"102":0,"103":0,"104":0,"105":0,"106":0,"107":0,"108":0,"109":0,"110":0,"111":0,"112":0,"113":0,"114":0,"115":0,"116":0,"117":0,"118":0,"119":0,"120":0,"121":0,"122":0,"123":0,"124":0,"125":0,"126":0,"127":0,"128":0,"129":0,"130":0,"131":0,"132":0,"133":0,"134":0,"135":0,"136":0,"137":0,"138":0,"139":0,"140":0,"141":0,"142":0,"143":0,"144":0,"145":0,"146":0,"147":0,"148":0,"149":0,"150":0,"151":0,"152":0,"153":0,"154":0,"155":0,"156":0,"157":0,"158":0,"159":0,"160":0,"161":0,"162":0},"fnMap":{"1":{"name":"(anonymous_1)","line":4,"loc":{"start":{"line":4,"column":1},"end":{"line":4,"column":16}}},"2":{"name":"(anonymous_2)","line":4,"loc":{"start":{"line":4,"column":124},"end":{"line":4,"column":143}}},"3":{"name":"(anonymous_3)","line":4,"loc":{"start":{"line":4,"column":256},"end":{"line":4,"column":267}}},"4":{"name":"(anonymous_4)","line":4,"loc":{"start":{"line":4,"column":318},"end":{"line":4,"column":329}}},"5":{"name":"(anonymous_5)","line":5,"loc":{"start":{"line":5,"column":93},"end":{"line":5,"column":108}}},"6":{"name":"(anonymous_6)","line":5,"loc":{"start":{"line":5,"column":159},"end":{"line":5,"column":169}}},"7":{"name":"(anonymous_7)","line":5,"loc":{"start":{"line":5,"column":314},"end":{"line":5,"column":324}}},"8":{"name":"(anonymous_8)","line":6,"loc":{"start":{"line":6,"column":381},"end":{"line":6,"column":392}}},"9":{"name":"(anonymous_9)","line":7,"loc":{"start":{"line":7,"column":22},"end":{"line":7,"column":37}}},"10":{"name":"(anonymous_10)","line":7,"loc":{"start":{"line":7,"column":191},"end":{"line":7,"column":201}}},"11":{"name":"(anonymous_11)","line":7,"loc":{"start":{"line":7,"column":235},"end":{"line":7,"column":252}}},"12":{"name":"(anonymous_12)","line":7,"loc":{"start":{"line":7,"column":364},"end":{"line":7,"column":379}}},"13":{"name":"(anonymous_13)","line":7,"loc":{"start":{"line":7,"column":451},"end":{"line":7,"column":462}}},"14":{"name":"(anonymous_14)","line":8,"loc":{"start":{"line":8,"column":79},"end":{"line":8,"column":94}}},"15":{"name":"(anonymous_15)","line":8,"loc":{"start":{"line":8,"column":279},"end":{"line":8,"column":294}}},"16":{"name":"(anonymous_16)","line":8,"loc":{"start":{"line":8,"column":355},"end":{"line":8,"column":366}}},"17":{"name":"(anonymous_17)","line":9,"loc":{"start":{"line":9,"column":283},"end":{"line":9,"column":293}}},"18":{"name":"(anonymous_18)","line":9,"loc":{"start":{"line":9,"column":314},"end":{"line":9,"column":325}}},"19":{"name":"b","line":9,"loc":{"start":{"line":9,"column":326},"end":{"line":9,"column":339}}},"20":{"name":"(anonymous_20)","line":10,"loc":{"start":{"line":10,"column":201},"end":{"line":10,"column":214}}},"21":{"name":"(anonymous_21)","line":11,"loc":{"start":{"line":11,"column":375},"end":{"line":11,"column":386}}},"22":{"name":"(anonymous_22)","line":12,"loc":{"start":{"line":12,"column":102},"end":{"line":12,"column":113}}},"23":{"name":"(anonymous_23)","line":12,"loc":{"start":{"line":12,"column":240},"end":{"line":12,"column":257}}},"24":{"name":"(anonymous_24)","line":13,"loc":{"start":{"line":13,"column":289},"end":{"line":13,"column":304}}},"25":{"name":"(anonymous_25)","line":13,"loc":{"start":{"line":13,"column":445},"end":{"line":13,"column":468}}},"26":{"name":"(anonymous_26)","line":14,"loc":{"start":{"line":14,"column":125},"end":{"line":14,"column":138}}},"27":{"name":"(anonymous_27)","line":14,"loc":{"start":{"line":14,"column":160},"end":{"line":14,"column":170}}},"28":{"name":"(anonymous_28)","line":14,"loc":{"start":{"line":14,"column":212},"end":{"line":14,"column":223}}},"29":{"name":"(anonymous_29)","line":14,"loc":{"start":{"line":14,"column":243},"end":{"line":14,"column":253}}},"30":{"name":"(anonymous_30)","line":15,"loc":{"start":{"line":15,"column":173},"end":{"line":15,"column":183}}},"31":{"name":"(anonymous_31)","line":15,"loc":{"start":{"line":15,"column":217},"end":{"line":15,"column":236}}},"32":{"name":"(anonymous_32)","line":15,"loc":{"start":{"line":15,"column":382},"end":{"line":15,"column":392}}},"33":{"name":"(anonymous_33)","line":15,"loc":{"start":{"line":15,"column":489},"end":{"line":15,"column":499}}},"34":{"name":"(anonymous_34)","line":16,"loc":{"start":{"line":16,"column":117},"end":{"line":16,"column":127}}},"35":{"name":"(anonymous_35)","line":16,"loc":{"start":{"line":16,"column":432},"end":{"line":16,"column":442}}},"36":{"name":"(anonymous_36)","line":17,"loc":{"start":{"line":17,"column":136},"end":{"line":17,"column":147}}},"37":{"name":"(anonymous_37)","line":17,"loc":{"start":{"line":17,"column":232},"end":{"line":17,"column":242}}},"38":{"name":"(anonymous_38)","line":18,"loc":{"start":{"line":18,"column":430},"end":{"line":18,"column":440}}},"39":{"name":"(anonymous_39)","line":19,"loc":{"start":{"line":19,"column":179},"end":{"line":19,"column":190}}},"40":{"name":"(anonymous_40)","line":19,"loc":{"start":{"line":19,"column":256},"end":{"line":19,"column":267}}},"41":{"name":"(anonymous_41)","line":19,"loc":{"start":{"line":19,"column":386},"end":{"line":19,"column":396}}},"42":{"name":"(anonymous_42)","line":19,"loc":{"start":{"line":19,"column":430},"end":{"line":19,"column":440}}},"43":{"name":"(anonymous_43)","line":20,"loc":{"start":{"line":20,"column":25},"end":{"line":20,"column":38}}},"44":{"name":"(anonymous_44)","line":20,"loc":{"start":{"line":20,"column":139},"end":{"line":20,"column":152}}},"45":{"name":"(anonymous_45)","line":20,"loc":{"start":{"line":20,"column":276},"end":{"line":20,"column":289}}},"46":{"name":"(anonymous_46)","line":20,"loc":{"start":{"line":20,"column":367},"end":{"line":20,"column":378}}},"47":{"name":"(anonymous_47)","line":20,"loc":{"start":{"line":20,"column":490},"end":{"line":21,"column":4}}},"48":{"name":"(anonymous_48)","line":21,"loc":{"start":{"line":21,"column":98},"end":{"line":21,"column":108}}},"49":{"name":"(anonymous_49)","line":21,"loc":{"start":{"line":21,"column":141},"end":{"line":21,"column":151}}},"50":{"name":"(anonymous_50)","line":21,"loc":{"start":{"line":21,"column":247},"end":{"line":21,"column":257}}},"51":{"name":"(anonymous_51)","line":21,"loc":{"start":{"line":21,"column":365},"end":{"line":21,"column":376}}},"52":{"name":"(anonymous_52)","line":21,"loc":{"start":{"line":21,"column":395},"end":{"line":21,"column":406}}},"53":{"name":"(anonymous_53)","line":21,"loc":{"start":{"line":21,"column":414},"end":{"line":21,"column":424}}},"54":{"name":"(anonymous_54)","line":22,"loc":{"start":{"line":22,"column":43},"end":{"line":22,"column":64}}},"55":{"name":"(anonymous_55)","line":22,"loc":{"start":{"line":22,"column":202},"end":{"line":22,"column":213}}},"56":{"name":"(anonymous_56)","line":22,"loc":{"start":{"line":22,"column":482},"end":{"line":22,"column":493}}},"57":{"name":"(anonymous_57)","line":23,"loc":{"start":{"line":23,"column":55},"end":{"line":23,"column":68}}},"58":{"name":"(anonymous_58)","line":23,"loc":{"start":{"line":23,"column":204},"end":{"line":23,"column":214}}},"59":{"name":"(anonymous_59)","line":23,"loc":{"start":{"line":23,"column":503},"end":{"line":23,"column":514}}},"60":{"name":"(anonymous_60)","line":24,"loc":{"start":{"line":24,"column":87},"end":{"line":24,"column":97}}},"61":{"name":"(anonymous_61)","line":24,"loc":{"start":{"line":24,"column":192},"end":{"line":24,"column":202}}},"62":{"name":"(anonymous_62)","line":24,"loc":{"start":{"line":24,"column":268},"end":{"line":24,"column":278}}},"63":{"name":"(anonymous_63)","line":24,"loc":{"start":{"line":24,"column":307},"end":{"line":24,"column":317}}},"64":{"name":"(anonymous_64)","line":24,"loc":{"start":{"line":24,"column":469},"end":{"line":24,"column":479}}},"65":{"name":"(anonymous_65)","line":25,"loc":{"start":{"line":25,"column":126},"end":{"line":25,"column":137}}},"66":{"name":"(anonymous_66)","line":25,"loc":{"start":{"line":25,"column":347},"end":{"line":25,"column":358}}},"67":{"name":"(anonymous_67)","line":26,"loc":{"start":{"line":26,"column":7},"end":{"line":26,"column":17}}},"68":{"name":"(anonymous_68)","line":26,"loc":{"start":{"line":26,"column":51},"end":{"line":26,"column":64}}},"69":{"name":"(anonymous_69)","line":26,"loc":{"start":{"line":26,"column":267},"end":{"line":26,"column":278}}},"70":{"name":"(anonymous_70)","line":26,"loc":{"start":{"line":26,"column":463},"end":{"line":26,"column":474}}},"71":{"name":"(anonymous_71)","line":27,"loc":{"start":{"line":27,"column":52},"end":{"line":27,"column":63}}},"72":{"name":"(anonymous_72)","line":27,"loc":{"start":{"line":27,"column":149},"end":{"line":27,"column":162}}},"73":{"name":"(anonymous_73)","line":27,"loc":{"start":{"line":27,"column":291},"end":{"line":27,"column":304}}},"74":{"name":"(anonymous_74)","line":28,"loc":{"start":{"line":28,"column":34},"end":{"line":28,"column":45}}},"75":{"name":"(anonymous_75)","line":28,"loc":{"start":{"line":28,"column":122},"end":{"line":28,"column":133}}},"76":{"name":"(anonymous_76)","line":28,"loc":{"start":{"line":28,"column":183},"end":{"line":28,"column":196}}},"77":{"name":"(anonymous_77)","line":28,"loc":{"start":{"line":28,"column":326},"end":{"line":28,"column":336}}},"78":{"name":"(anonymous_78)","line":28,"loc":{"start":{"line":28,"column":475},"end":{"line":28,"column":486}}},"79":{"name":"(anonymous_79)","line":29,"loc":{"start":{"line":29,"column":364},"end":{"line":29,"column":374}}},"80":{"name":"a","line":29,"loc":{"start":{"line":29,"column":375},"end":{"line":29,"column":394}}},"81":{"name":"(anonymous_81)","line":29,"loc":{"start":{"line":29,"column":422},"end":{"line":29,"column":433}}},"82":{"name":"(anonymous_82)","line":29,"loc":{"start":{"line":29,"column":454},"end":{"line":29,"column":465}}},"83":{"name":"b","line":30,"loc":{"start":{"line":30,"column":117},"end":{"line":30,"column":130}}},"84":{"name":"(anonymous_84)","line":30,"loc":{"start":{"line":30,"column":200},"end":{"line":30,"column":217}}},"85":{"name":"(anonymous_85)","line":30,"loc":{"start":{"line":30,"column":321},"end":{"line":30,"column":332}}},"86":{"name":"(anonymous_86)","line":30,"loc":{"start":{"line":30,"column":424},"end":{"line":30,"column":434}}},"87":{"name":"(anonymous_87)","line":30,"loc":{"start":{"line":30,"column":496},"end":{"line":30,"column":506}}},"88":{"name":"(anonymous_88)","line":31,"loc":{"start":{"line":31,"column":31},"end":{"line":31,"column":44}}},"89":{"name":"(anonymous_89)","line":31,"loc":{"start":{"line":31,"column":52},"end":{"line":31,"column":62}}},"90":{"name":"(anonymous_90)","line":31,"loc":{"start":{"line":31,"column":130},"end":{"line":31,"column":143}}},"91":{"name":"(anonymous_91)","line":31,"loc":{"start":{"line":31,"column":213},"end":{"line":31,"column":224}}},"92":{"name":"(anonymous_92)","line":31,"loc":{"start":{"line":31,"column":294},"end":{"line":31,"column":305}}},"93":{"name":"(anonymous_93)","line":31,"loc":{"start":{"line":31,"column":368},"end":{"line":31,"column":381}}},"94":{"name":"(anonymous_94)","line":31,"loc":{"start":{"line":31,"column":393},"end":{"line":31,"column":403}}},"95":{"name":"(anonymous_95)","line":31,"loc":{"start":{"line":31,"column":426},"end":{"line":31,"column":441}}},"96":{"name":"(anonymous_96)","line":32,"loc":{"start":{"line":32,"column":27},"end":{"line":32,"column":37}}},"97":{"name":"(anonymous_97)","line":32,"loc":{"start":{"line":32,"column":103},"end":{"line":32,"column":113}}},"98":{"name":"(anonymous_98)","line":32,"loc":{"start":{"line":32,"column":154},"end":{"line":32,"column":167}}},"99":{"name":"(anonymous_99)","line":32,"loc":{"start":{"line":32,"column":271},"end":{"line":32,"column":284}}},"100":{"name":"(anonymous_100)","line":32,"loc":{"start":{"line":32,"column":330},"end":{"line":32,"column":341}}},"101":{"name":"(anonymous_101)","line":32,"loc":{"start":{"line":32,"column":383},"end":{"line":32,"column":394}}},"102":{"name":"(anonymous_102)","line":32,"loc":{"start":{"line":32,"column":477},"end":{"line":32,"column":488}}},"103":{"name":"(anonymous_103)","line":33,"loc":{"start":{"line":33,"column":131},"end":{"line":33,"column":141}}},"104":{"name":"(anonymous_104)","line":33,"loc":{"start":{"line":33,"column":191},"end":{"line":33,"column":202}}},"105":{"name":"(anonymous_105)","line":33,"loc":{"start":{"line":33,"column":352},"end":{"line":33,"column":363}}},"106":{"name":"(anonymous_106)","line":33,"loc":{"start":{"line":33,"column":409},"end":{"line":33,"column":420}}},"107":{"name":"(anonymous_107)","line":33,"loc":{"start":{"line":33,"column":498},"end":{"line":33,"column":509}}},"108":{"name":"(anonymous_108)","line":34,"loc":{"start":{"line":34,"column":31},"end":{"line":34,"column":42}}},"109":{"name":"(anonymous_109)","line":34,"loc":{"start":{"line":34,"column":146},"end":{"line":34,"column":157}}},"110":{"name":"(anonymous_110)","line":34,"loc":{"start":{"line":34,"column":221},"end":{"line":34,"column":231}}},"111":{"name":"(anonymous_111)","line":35,"loc":{"start":{"line":35,"column":13},"end":{"line":35,"column":24}}},"112":{"name":"(anonymous_112)","line":35,"loc":{"start":{"line":35,"column":120},"end":{"line":35,"column":130}}},"113":{"name":"(anonymous_113)","line":35,"loc":{"start":{"line":35,"column":137},"end":{"line":35,"column":148}}},"114":{"name":"(anonymous_114)","line":35,"loc":{"start":{"line":35,"column":204},"end":{"line":35,"column":215}}},"115":{"name":"(anonymous_115)","line":35,"loc":{"start":{"line":35,"column":491},"end":{"line":36,"column":4}}},"116":{"name":"(anonymous_116)","line":36,"loc":{"start":{"line":36,"column":46},"end":{"line":36,"column":56}}},"117":{"name":"(anonymous_117)","line":36,"loc":{"start":{"line":36,"column":112},"end":{"line":36,"column":125}}},"118":{"name":"(anonymous_118)","line":36,"loc":{"start":{"line":36,"column":207},"end":{"line":36,"column":217}}},"119":{"name":"(anonymous_119)","line":36,"loc":{"start":{"line":36,"column":279},"end":{"line":36,"column":290}}},"120":{"name":"(anonymous_120)","line":36,"loc":{"start":{"line":36,"column":365},"end":{"line":36,"column":376}}},"121":{"name":"(anonymous_121)","line":37,"loc":{"start":{"line":37,"column":116},"end":{"line":37,"column":137}}},"122":{"name":"(anonymous_122)","line":37,"loc":{"start":{"line":37,"column":277},"end":{"line":37,"column":288}}},"123":{"name":"(anonymous_123)","line":38,"loc":{"start":{"line":38,"column":53},"end":{"line":38,"column":64}}},"124":{"name":"(anonymous_124)","line":38,"loc":{"start":{"line":38,"column":428},"end":{"line":38,"column":439}}},"125":{"name":"(anonymous_125)","line":39,"loc":{"start":{"line":39,"column":372},"end":{"line":39,"column":383}}},"126":{"name":"(anonymous_126)","line":40,"loc":{"start":{"line":40,"column":139},"end":{"line":40,"column":156}}},"127":{"name":"(anonymous_127)","line":40,"loc":{"start":{"line":40,"column":386},"end":{"line":40,"column":397}}},"128":{"name":"(anonymous_128)","line":40,"loc":{"start":{"line":40,"column":475},"end":{"line":40,"column":490}}},"129":{"name":"(anonymous_129)","line":41,"loc":{"start":{"line":41,"column":134},"end":{"line":41,"column":145}}},"130":{"name":"(anonymous_130)","line":41,"loc":{"start":{"line":41,"column":217},"end":{"line":41,"column":228}}},"131":{"name":"(anonymous_131)","line":41,"loc":{"start":{"line":41,"column":389},"end":{"line":41,"column":402}}},"132":{"name":"(anonymous_132)","line":41,"loc":{"start":{"line":41,"column":499},"end":{"line":41,"column":510}}},"133":{"name":"(anonymous_133)","line":43,"loc":{"start":{"line":43,"column":156},"end":{"line":43,"column":166}}},"134":{"name":"(anonymous_134)","line":43,"loc":{"start":{"line":43,"column":200},"end":{"line":43,"column":219}}},"135":{"name":"(anonymous_135)","line":43,"loc":{"start":{"line":43,"column":375},"end":{"line":43,"column":386}}},"136":{"name":"(anonymous_136)","line":43,"loc":{"start":{"line":43,"column":457},"end":{"line":43,"column":468}}},"137":{"name":"(anonymous_137)","line":44,"loc":{"start":{"line":44,"column":131},"end":{"line":44,"column":142}}},"138":{"name":"(anonymous_138)","line":44,"loc":{"start":{"line":44,"column":186},"end":{"line":44,"column":197}}},"139":{"name":"(anonymous_139)","line":44,"loc":{"start":{"line":44,"column":229},"end":{"line":44,"column":240}}},"140":{"name":"(anonymous_140)","line":44,"loc":{"start":{"line":44,"column":248},"end":{"line":44,"column":267}}},"141":{"name":"(anonymous_141)","line":45,"loc":{"start":{"line":45,"column":105},"end":{"line":45,"column":148}}},"142":{"name":"(anonymous_142)","line":47,"loc":{"start":{"line":47,"column":517},"end":{"line":47,"column":527}}},"143":{"name":"(anonymous_143)","line":48,"loc":{"start":{"line":48,"column":148},"end":{"line":48,"column":158}}},"144":{"name":"(anonymous_144)","line":48,"loc":{"start":{"line":48,"column":451},"end":{"line":48,"column":461}}},"145":{"name":"(anonymous_145)","line":48,"loc":{"start":{"line":48,"column":480},"end":{"line":48,"column":495}}},"146":{"name":"(anonymous_146)","line":50,"loc":{"start":{"line":50,"column":439},"end":{"line":50,"column":449}}},"147":{"name":"(anonymous_147)","line":51,"loc":{"start":{"line":51,"column":90},"end":{"line":51,"column":100}}},"148":{"name":"(anonymous_148)","line":51,"loc":{"start":{"line":51,"column":202},"end":{"line":51,"column":213}}},"149":{"name":"(anonymous_149)","line":51,"loc":{"start":{"line":51,"column":504},"end":{"line":52,"column":2}}},"150":{"name":"(anonymous_150)","line":52,"loc":{"start":{"line":52,"column":218},"end":{"line":52,"column":235}}},"151":{"name":"(anonymous_151)","line":52,"loc":{"start":{"line":52,"column":251},"end":{"line":52,"column":264}}},"152":{"name":"(anonymous_152)","line":52,"loc":{"start":{"line":52,"column":397},"end":{"line":52,"column":408}}},"153":{"name":"(anonymous_153)","line":52,"loc":{"start":{"line":52,"column":439},"end":{"line":52,"column":450}}},"154":{"name":"(anonymous_154)","line":53,"loc":{"start":{"line":53,"column":35},"end":{"line":53,"column":48}}},"155":{"name":"(anonymous_155)","line":53,"loc":{"start":{"line":53,"column":56},"end":{"line":53,"column":66}}},"156":{"name":"(anonymous_156)","line":53,"loc":{"start":{"line":53,"column":199},"end":{"line":53,"column":210}}},"157":{"name":"(anonymous_157)","line":53,"loc":{"start":{"line":53,"column":314},"end":{"line":53,"column":324}}},"158":{"name":"(anonymous_158)","line":53,"loc":{"start":{"line":53,"column":341},"end":{"line":53,"column":351}}},"159":{"name":"(anonymous_159)","line":54,"loc":{"start":{"line":54,"column":30},"end":{"line":54,"column":41}}},"160":{"name":"(anonymous_160)","line":54,"loc":{"start":{"line":54,"column":70},"end":{"line":54,"column":83}}},"161":{"name":"(anonymous_161)","line":54,"loc":{"start":{"line":54,"column":107},"end":{"line":54,"column":118}}},"162":{"name":"(anonymous_162)","line":54,"loc":{"start":{"line":54,"column":139},"end":{"line":54,"column":149}}}},"statementMap":{"1":{"start":{"line":4,"column":0},"end":{"line":54,"column":301}},"2":{"start":{"line":4,"column":17},"end":{"line":4,"column":31}},"3":{"start":{"line":4,"column":31},"end":{"line":54,"column":281}},"4":{"start":{"line":4,"column":44},"end":{"line":4,"column":113}},"5":{"start":{"line":4,"column":118},"end":{"line":4,"column":232}},"6":{"start":{"line":4,"column":144},"end":{"line":4,"column":156}},"7":{"start":{"line":4,"column":156},"end":{"line":4,"column":171}},"8":{"start":{"line":4,"column":171},"end":{"line":4,"column":186}},"9":{"start":{"line":4,"column":186},"end":{"line":4,"column":201}},"10":{"start":{"line":4,"column":201},"end":{"line":4,"column":230}},"11":{"start":{"line":4,"column":232},"end":{"line":7,"column":185}},"12":{"start":{"line":4,"column":268},"end":{"line":5,"column":6}},"13":{"start":{"line":4,"column":330},"end":{"line":4,"column":504}},"14":{"start":{"line":5,"column":6},"end":{"line":5,"column":42}},"15":{"start":{"line":5,"column":42},"end":{"line":5,"column":78}},"16":{"start":{"line":5,"column":109},"end":{"line":5,"column":127}},"17":{"start":{"line":5,"column":127},"end":{"line":6,"column":355}},"18":{"start":{"line":5,"column":170},"end":{"line":6,"column":353}},"19":{"start":{"line":5,"column":174},"end":{"line":5,"column":229}},"20":{"start":{"line":5,"column":229},"end":{"line":5,"column":308}},"21":{"start":{"line":5,"column":252},"end":{"line":5,"column":308}},"22":{"start":{"line":5,"column":256},"end":{"line":5,"column":270}},"23":{"start":{"line":5,"column":280},"end":{"line":5,"column":307}},"24":{"start":{"line":5,"column":308},"end":{"line":6,"column":3}},"25":{"start":{"line":5,"column":325},"end":{"line":6,"column":1}},"26":{"start":{"line":5,"column":329},"end":{"line":5,"column":386}},"27":{"start":{"line":5,"column":346},"end":{"line":5,"column":386}},"28":{"start":{"line":5,"column":386},"end":{"line":5,"column":435}},"29":{"start":{"line":5,"column":405},"end":{"line":5,"column":435}},"30":{"start":{"line":5,"column":445},"end":{"line":5,"column":512}},"31":{"start":{"line":6,"column":3},"end":{"line":6,"column":116}},"32":{"start":{"line":6,"column":109},"end":{"line":6,"column":116}},"33":{"start":{"line":6,"column":116},"end":{"line":6,"column":301}},"34":{"start":{"line":6,"column":120},"end":{"line":6,"column":260}},"35":{"start":{"line":6,"column":270},"end":{"line":6,"column":300}},"36":{"start":{"line":6,"column":301},"end":{"line":6,"column":323}},"37":{"start":{"line":6,"column":333},"end":{"line":6,"column":352}},"38":{"start":{"line":6,"column":393},"end":{"line":7,"column":182}},"39":{"start":{"line":6,"column":475},"end":{"line":6,"column":503}},"40":{"start":{"line":7,"column":0},"end":{"line":7,"column":181}},"41":{"start":{"line":7,"column":38},"end":{"line":7,"column":155}},"42":{"start":{"line":7,"column":59},"end":{"line":7,"column":93}},"43":{"start":{"line":7,"column":93},"end":{"line":7,"column":154}},"44":{"start":{"line":7,"column":98},"end":{"line":7,"column":154}},"45":{"start":{"line":7,"column":155},"end":{"line":7,"column":180}},"46":{"sta
[...]
ependencies:function(){var a,b={};this.window.jQuery&&this.window.jQuery.fn&&this.window.jQuery.fn.jquery&&(b.jQuery=this.window.jQuery.fn.jquery);this.window.jQuery&&this.window.jQuery.ui&&this.window.jQuery.ui.version&&(b.jQueryUI=this.window.jQuery.ui.version);this.window.angular&&","this.window.angular.version&&this.window.angular.version.full&&(b.angular=this.window.angular.version.full);for(a in this.window)if(\"_trackJs\"!==a&&\"_trackJS\"!==a&&\"_trackjs\"!==a&&\"webkitStorageInfo\"!==a&&\"webkitIndexedDB\"!==a&&\"top\"!==a&&\"parent\"!==a&&\"frameElement\"!==a)try{if(this.window[a]){var c=this.window[a].version||this.window[a].Version||this.window[a].VERSION;\"string\"===typeof c&&(b[a]=c)}}catch(d){}return b},report:function(){return{age:(new Date).getTime()-this.loadedOn,dependencies:this.discoverDependencies(),","userAgent:this.window.navigator.userAgent,viewportHeight:this.window.document.documentElement.clientHeight,viewportWidth:this.window.document.documentElement.clientWidth}}};var y=function(a){this.util=a;this.appender=[];this.maxLength=30};y.prototype={all:function(a){var b=[],c,d;for(d=0;d<this.appender.length;d++)(c=this.appender[d])&&c.category===a&&b.push(c.value);return b},clear:function(){this.appender.length=0},truncate:function(){this.appender.length>this.maxLength&&(this.appender=this.appender.slice(Math.max(this.appender.length-","this.maxLength,0)))},add:function(a,b){var c=this.util.uuid();this.appender.push({key:c,category:a,value:b});this.truncate();return c},get:function(a,b){var c,d;for(d=0;d<this.appender.length;d++)if(c=this.appender[d],c.category===a&&c.key===b)return c.value;return!1}};var z=function(a,b){this.log=a;this.options=b;b.enabled&&this.watch()};z.prototype={isCompatible:function(a){a=a||h;return!e.has(a,\"chrome.app.runtime\")&&e.has(a,\"addEventListener\")&&e.has(a,\"history.pushState\")},record:function(a,","b,c){this.log.add(\"h\",{type:a,from:e.truncate(b,250),to:e.truncate(c,250),on:e.isoNow()})},report:function(){return this.log.all(\"h\")},watch:function(){if(this.isCompatible()){var a=this,b=e.getLocationURL().relative;h.addEventListener(\"popstate\",function(){var c=e.getLocationURL().relative;a.record(\"popState\",b,c);b=c},!0);e.forEach([\"pushState\",\"replaceState\"],function(c){e.patch(history,c,function(d){return function(){b=e.getLocationURL().relative;var f=d.apply(this,arguments),g=e.getLocationURL().relative;","a.record(c,b,g);b=g;return f}})})}}};var A=function(a,b,c,d,f,g){this.util=a;this.log=b;this.onError=c;this.onFault=d;this.window=f;this.options=g;g.enabled&&this.initialize(f)};A.prototype={initialize:function(a){a.XMLHttpRequest&&this.util.hasFunction(a.XMLHttpRequest.prototype.open,\"apply\")&&this.watchNetworkObject(a.XMLHttpRequest);a.XDomainRequest&&this.util.hasFunction(a.XDomainRequest.prototype.open,\"apply\")&&this.watchNetworkObject(a.XDomainRequest)},watchNetworkObject:function(a){var b=this,","c=a.prototype.open,d=a.prototype.send;a.prototype.open=function(a,b){var d=(b||\"\").toString();0>d.indexOf(\"localhost:0\")&&(this._trackJs={method:a,url:d});return c.apply(this,arguments)};a.prototype.send=function(){try{if(!this._trackJs)return d.apply(this,arguments);this._trackJs.logId=b.log.add(\"n\",{startedOn:b.util.isoNow(),method:this._trackJs.method,url:this._trackJs.url});b.listenForNetworkComplete(this)}catch(a){b.onFault(a)}return d.apply(this,arguments)};return a},listenForNetworkComplete:function(a){var b=","this;b.window.ProgressEvent&&a.addEventListener&&a.addEventListener(\"readystatechange\",function(){4===a.readyState&&b.finalizeNetworkEvent(a)},!0);a.addEventListener?a.addEventListener(\"load\",function(){b.finalizeNetworkEvent(a);b.checkNetworkFault(a)},!0):setTimeout(function(){try{var c=a.onload;a.onload=function(){b.finalizeNetworkEvent(a);b.checkNetworkFault(a);\"function\"===typeof c&&b.util.hasFunction(c,\"apply\")&&c.apply(a,arguments)};var d=a.onerror;a.onerror=function(){b.finalizeNetworkEvent(a);","b.checkNetworkFault(a);\"function\"===typeof oldOnError&&d.apply(a,arguments)}}catch(f){b.onFault(f)}},0)},finalizeNetworkEvent:function(a){if(a._trackJs){var b=this.log.get(\"n\",a._trackJs.logId);b&&(b.completedOn=this.util.isoNow(),b.statusCode=1223==a.status?204:a.status,b.statusText=1223==a.status?\"No Content\":a.statusText)}},checkNetworkFault:function(a){if(this.options.error&&400<=a.status&&1223!=a.status){var b=a._trackJs||{};this.onError(\"ajax\",a.status+\" \"+a.statusText+\": \"+b.method+\" \"+b.url)}},","report:function(){return this.log.all(\"n\")}};var x=function(a,b){this.util=a;this.config=b;this.disabled=!1;this.throttleStats={attemptCount:0,throttledCount:0,lastAttempt:(new Date).getTime()};h.JSON&&h.JSON.stringify||(this.disabled=!0)};x.prototype={errorEndpoint:function(a){var b=this.config.current.errorURL;this.util.testCrossdomainXhr()||-1!==h.location.protocol.indexOf(\"https\")||(b=this.config.current.errorNoSSLURL);return b+\"?token=\"+a},usageEndpoint:function(a){return this.appendObjectAsQuery(a,","this.config.current.usageURL)},trackerFaultEndpoint:function(a){return this.appendObjectAsQuery(a,this.config.current.faultURL)},appendObjectAsQuery:function(a,b){b+=\"?\";for(var c in a)a.hasOwnProperty(c)&&(b+=encodeURIComponent(c)+\"=\"+encodeURIComponent(a[c])+\"&\");return b},getCORSRequest:function(a,b){var c;this.util.testCrossdomainXhr()?(c=new h.XMLHttpRequest,c.open(a,b),c.setRequestHeader(\"Content-Type\",\"text/plain\")):\"undefined\"!==typeof h.XDomainRequest?(c=new h.XDomainRequest,c.open(a,b)):","c=null;return c},sendTrackerFault:function(a){this.throttle(a)||((new Image).src=this.trackerFaultEndpoint(a))},sendUsage:function(a){(new Image).src=this.usageEndpoint(a)},sendError:function(a,b){var c=this;if(!this.disabled&&!this.throttle(a))try{var d=this.getCORSRequest(\"POST\",this.errorEndpoint(b));d.onreadystatechange=function(){4===d.readyState&&200!==d.status&&(c.disabled=!0)};d._trackJs=l;d.send(h.JSON.stringify(a))}catch(f){throw this.disabled=!0,f;}},throttle:function(a){var b=(new Date).getTime();","this.throttleStats.attemptCount++;if(this.throttleStats.lastAttempt+1E3>=b){if(this.throttleStats.lastAttempt=b,10<this.throttleStats.attemptCount)return this.throttleStats.throttledCount++,!0}else a.throttled=this.throttleStats.throttledCount,this.throttleStats.attemptCount=0,this.throttleStats.lastAttempt=b,this.throttleStats.throttledCount=0;return!1}};var e=function(){function a(c,d,f,g){f=f||!1;g=g||0;e.forEach(d,function(d){e.forEach(e.keys(d),function(e){null===d[e]||d[e]===l?c[e]=d[e]:f&&","10>g&&\"[object Object]\"===b(d[e])?(c[e]=c[e]||{},a(c[e],[d[e]],f,g+1)):c.hasOwnProperty(e)||(c[e]=d[e])})});return c}function b(a){return Object.prototype.toString.call(a)}return{addEventListenerSafe:function(a,b,f,e){a.addEventListener?a.addEventListener(b,f,e):a.attachEvent&&a.attachEvent(\"on\"+b,f)},afterDocumentLoad:function(a){var b=!1;\"complete\"===n.readyState?e.defer(a):(e.addEventListenerSafe(n,\"readystatechange\",function(){\"complete\"!==n.readyState||b||(e.defer(a),b=!0)}),setTimeout(function(){b||","(e.defer(a),b=!0)},1E4))},bind:function(a,b){return function(){return a.apply(b,Array.prototype.slice.call(arguments))}},contains:function(a,b){var f;for(f=0;f<a.length;f++)if(a[f]===b)return!0;return!1},defaults:function(c){return a(c,Array.prototype.slice.call(arguments,1),!1)},defaultsDeep:function(c){return a(c,Array.prototype.slice.call(arguments,1),!0)},defer:function(a,b){setTimeout(function(){a.apply(b)})},forEach:function(a,b,f){if(a.forEach)return a.forEach(b,f);for(var e=0;e<a.length;)b.call(f,","a[e],e,a),e++},getLocation:function(){return h.location.toString().replace(/ /g,\"%20\")},getLocationURL:function(){return e.parseURL(e.getLocation())},has:function(a,b){for(var f=b.split(\".\"),e=a,k=0;k<f.length;k++)if(e[f[k]])e=e[f[k]];else return!1;return!0},hasFunction:function(a,b){try{return!!a[b]}catch(f){return!1}},isArray:function(a){return\"[object Array]\"===b(a)},isBoolean:function(a){return\"boolean\"===typeof a||e.isObject(a)&&\"[object Boolean]\"===b(a)},isBrowserIE:function(a){a=a||h.navigator.userAgent;","var b=a.match(/Trident\\/([\\d.]+)/);return b&&\"7.0\"===b[1]?11:(a=a.match(/MSIE ([\\d.]+)/))?parseInt(a[1],10):!1},isBrowserSupported:function(){var a=this.isBrowserIE();return!a||8<=a},isError:function(a){if(!e.isObject(a))return!1;var d=b(a);return\"[object Error]\"===d||\"[object DOMException]\"===d||e.isString(a.name)&&e.isString(a.message)},isFunction:function(a){return!(!a||\"function\"!==typeof a)},isNumber:function(a){return\"number\"===typeof a||e.isObject(a)&&\"[object Number]\"===b(a)},isObject:function(a){return!(!a||","\"object\"!==typeof a)},isString:function(a){return\"string\"===typeof a||!e.isArray(a)&&e.isObject(a)&&\"[object String]\"===b(a)},isWrappableFunction:function(a){return this.isFunction(a)&&this.hasFunction(a,\"apply\")},isoNow:function(){var a=new Date;return a.toISOString?a.toISOString():a.getUTCFullYear()+\"-\"+this.pad(a.getUTCMonth()+1)+\"-\"+this.pad(a.getUTCDate())+\"T\"+this.pad(a.getUTCHours())+\":\"+this.pad(a.getUTCMinutes())+\":\"+this.pad(a.getUTCSeconds())+\".\"+String((a.getUTCMilliseconds()/1E3).toFixed(3)).slice(2,","5)+\"Z\"},keys:function(a){if(!e.isObject(a))return[];var b=[],f;for(f in a)a.hasOwnProperty(f)&&b.push(f);return b},noop:function(){},pad:function(a){a=String(a);1===a.length&&(a=\"0\"+a);return a},parseURL:function(a){var b=a.match(/^(([^:\\/?#]+):)?(\\/\\/([^\\/?#]*))?([^?#]*)(\\?([^#]*))?(#(.*))?$/);if(!b)return{};b={protocol:b[2],host:b[4],path:b[5],query:b[6],hash:b[8]};b.origin=(b.protocol||\"\")+\"://\"+(b.host||\"\");b.relative=(b.path||\"\")+(b.query||\"\")+(b.hash||\"\");b.href=a;return b},patch:function(a,","b,f){a[b]=f(a[b]||e.noop)},testCrossdomainXhr:function(){return\"withCredentials\"in new XMLHttpRequest},truncate:function(a,b){if(a.length<=b)return a;var f=a.length-b;return a.substr(0,b)+\"...{\"+f+\"}\"},uuid:function(){return\"xxxxxxxx-xxxx-4xxx-yxxx-xxxxxxxxxxxx\".replace(/[xy]/g,function(a){var b=16*Math.random()|0;return(\"x\"==a?b:b&3|8).toString(16)})},wrapError:function(a){if(a.innerError)return a;var b=Error(\"TrackJS Caught: \"+(a.message||a));b.description=\"TrackJS Caught: \"+a.description;b.file=","a.file;b.line=a.line||a.lineNumber;b.column=a.column||a.columnNumber;b.stack=a.stack;b.innerError=a;return b}}}(),B=function(a,b,c,d,f,e){this.util=a;this.log=b;this.onError=c;this.onFault=d;this.options=e;this.document=f;e.enabled&&this.initialize(f)};B.prototype={initialize:function(a){var b=this.util.bind(this.onDocumentClicked,this),c=this.util.bind(this.onInputChanged,this);a.addEventListener?(a.addEventListener(\"click\",b,!0),a.addEventListener(\"blur\",c,!0)):a.attachEvent&&(a.attachEvent(\"onclick\",","b),a.attachEvent(\"onfocusout\",c))},onDocumentClicked:function(a){try{var b=this.getElementFromEvent(a);b&&b.tagName&&(this.isDescribedElement(b,\"a\")||this.isDescribedElement(b,\"button\")||this.isDescribedElement(b,\"input\",[\"button\",\"submit\"])?this.writeVisitorEvent(b,\"click\"):this.isDescribedElement(b,\"input\",[\"checkbox\",\"radio\"])&&this.writeVisitorEvent(b,\"input\",b.value,b.checked))}catch(c){this.onFault(c)}},onInputChanged:function(a){try{var b=this.getElementFromEvent(a);if(b&&b.tagName)if(this.isDescribedElement(b,","\"textarea\"))this.writeVisitorEvent(b,\"input\",b.value);else if(this.isDescribedElement(b,\"select\")&&b.options&&b.options.length)this.onSelectInputChanged(b);else this.isDescribedElement(b,\"input\")&&!this.isDescribedElement(b,\"input\",[\"button\",\"submit\",\"hidden\",\"checkbox\",\"radio\"])&&this.writeVisitorEvent(b,\"input\",b.value)}catch(c){this.onFault(c)}},onSelectInputChanged:function(a){if(a.multiple)for(var b=0;b<a.options.length;b++)a.options[b].selected&&this.writeVisitorEvent(a,\"input\",a.options[b].value);","else 0<=a.selectedIndex&&a.options[a.selectedIndex]&&this.writeVisitorEvent(a,\"input\",a.options[a.selectedIndex].value)},writeVisitorEvent:function(a,b,c,d){\"password\"===this.getElementType(a)&&(c=l);this.log.add(\"v\",{timestamp:this.util.isoNow(),action:b,element:{tag:a.tagName.toLowerCase(),attributes:this.getElementAttributes(a),value:this.getMetaValue(c,d)}})},getElementFromEvent:function(a){return a.target||n.elementFromPoint(a.clientX,a.clientY)},isDescribedElement:function(a,b,c){if(a.tagName.toLowerCase()!==","b.toLowerCase())return!1;if(!c)return!0;a=this.getElementType(a);for(b=0;b<c.length;b++)if(c[b]===a)return!0;return!1},getElementType:function(a){return(a.getAttribute(\"type\")||\"\").toLowerCase()},getElementAttributes:function(a){for(var b={},c=0;c<a.attributes.length;c++)\"value\"!==a.attributes[c].name.toLowerCase()&&(b[a.attributes[c].name]=a.attributes[c].value);return b},getMetaValue:function(a,b){return a===l?l:{length:a.length,pattern:this.matchInputPattern(a),checked:b}},matchInputPattern:function(a){return\"\"===","a?\"empty\":/^[a-z0-9!#$%&'*+=?^_`{|}~-]+(?:\\.[a-z0-9!#$%&'*+=?^_`{|}~-]+)*@(?:[a-z0-9](?:[a-z0-9-]*[a-z0-9])?\\.)+[a-z0-9](?:[a-z0-9-]*[a-z0-9])?$/.test(a)?\"email\":/^(0?[1-9]|[12][0-9]|3[01])[\\/\\-](0?[1-9]|1[012])[\\/\\-]\\d{4}$/.test(a)||/^(\\d{4}[\\/\\-](0?[1-9]|1[012])[\\/\\-]0?[1-9]|[12][0-9]|3[01])$/.test(a)?\"date\":/^(?:(?:\\+?1\\s*(?:[.-]\\s*)?)?(?:\\(\\s*([2-9]1[02-9]|[2-9][02-8]1|[2-9][02-8][02-9])\\s*\\)|([2-9]1[02-9]|[2-9][02-8]1|[2-9][02-8][02-9]))\\s*(?:[.-]\\s*)?)?([2-9]1[02-9]|[2-9][02-9]1|[2-9][02-9]{2})\\s*(?:[.-]\\s*)?([0-9]{4})(?:\\s*(?:#|x\\.?|ext\\.?|extension)\\s*(\\d+))?$/.test(a)?","\"usphone\":/^\\s*$/.test(a)?\"whitespace\":/^\\d*$/.test(a)?\"numeric\":/^[a-zA-Z]*$/.test(a)?\"alpha\":/^[a-zA-Z0-9]*$/.test(a)?\"alphanumeric\":\"characters\"},report:function(){return this.log.all(\"v\")}};var C=function(a,b,c,d,f){this.onError=a;this.onFault=b;this.serialize=c;f.enabled&&this.watchWindowErrors(d);f.promise&&this.watchPromiseErrors(d)};C.prototype={watchPromiseErrors:function(a){var b=this;a.addEventListener?a.addEventListener(\"unhandledrejection\",function(a){a=a||{};a=a.detail?a.detail.reason:","a.reason;if(a!==l){if(!e.isError(a))try{throw Error(b.serialize(a));}catch(d){a=d}b.onError(\"promise\",a)}}):a.onunhandledrejection=function(a){b.onError(\"promise\",a)}},watchWindowErrors:function(a){var b=this;e.patch(a,\"onerror\",function(a){return function(d,f,e,k,m){try{m=m||{},m.message=m.message||b.serialize(d),m.name=m.name||\"Error\",m.line=m.line||parseInt(e,10)||null,m.column=m.column||parseInt(k,10)||null,\"[object Event]\"!==Object.prototype.toString.call(d)||f?m.file=m.file||b.serialize(f):","m.file=(d.target||{}).src,b.onError(\"window\",m)}catch(h){b.onFault(h)}a.apply(this,arguments)}})}};var D=function(a,b,c,d,f,g,k,m,h,l,n,p,q,x,t,u,v){try{if(this.window=t,this.document=u,this.util=e,this.onError=this.util.bind(this.onError,this),this.onFault=this.util.bind(this.onFault,this),this.serialize=this.util.bind(this.serialize,this),this.config=new d(a),this.transmitter=new n(this.util,this.config),this.log=new m(this.util),this.api=new b(this.config,this.util,this.onError,this.serialize),","this.metadata=new h(this.serialize),this.environment=new k(this.window),this.customer=new g(this.config,this.util,this.log,this.window,this.document),this.customer.token&&(this.apiConsoleWatcher=new f(this.util,this.log,this.onError,this.onFault,this.serialize,this.api,this.config.defaults.console),this.config.current.enabled&&(this.windowConsoleWatcher=new f(this.util,this.log,this.onError,this.onFault,this.serialize,this.window,this.config.current.console),this.util.isBrowserSupported()))){this.callbackWatcher=","new c(this.util,this.onError,this.onFault,this.window,this.config.current.callback);this.visitorWatcher=new p(this.util,this.log,this.onError,this.onFault,this.document,this.config.current.visitor);this.navigationWatcher=new v(this.log,this.config.current.navigation);this.networkWatcher=new l(this.util,this.log,this.onError,this.onFault,this.window,this.config.current.network);this.windowWatcher=new q(this.onError,this.onFault,this.serialize,this.window,this.config.current.window);var r=this;e.afterDocumentLoad(function(){r.transmitter.sendUsage({token:r.customer.token,","correlationId:r.customer.correlationId,application:r.config.current.application,x:r.util.uuid()})})}}catch(w){this.onFault(w)}};D.prototype={reveal:function(){if(this.customer.token)return this.api.addMetadata=this.metadata.addMetadata,this.api.removeMetadata=this.metadata.removeMetadata,this.api;this.config.current.enabled&&this.window.console&&this.window.console.warn&&this.window.console.warn(\"TrackJS could not find a token\");return l},onError:function(){var a,b=!1;return function(c,d,f){if(e.isBrowserSupported()&&","this.config.current.enabled)try{if(f=f||{bindStack:null,bindTime:null,force:!1},d&&e.isError(d)||(d={name:\"Error\",message:this.serialize(d,f.force)}),-1===d.message.indexOf(\"TrackJS Caught\"))if(b&&-1!==d.message.indexOf(\"Script error\"))b=!1;else{var g=e.defaultsDeep({},{bindStack:f.bindStack,bindTime:f.bindTime,column:d.column||d.columnNumber,console:this.windowConsoleWatcher.report(),customer:this.customer.report(),entry:c,environment:this.environment.report(),file:d.file||d.fileName,line:d.line||","d.lineNumber,message:d.message,metadata:this.metadata.report(),nav:this.navigationWatcher.report(),network:this.networkWatcher.report(),url:(h.location||\"\").toString(),stack:d.stack,timestamp:this.util.isoNow(),visitor:this.visitorWatcher.report(),version:\"2.7.1\"});if(!f.force)try{if(!this.config.current.onError(g,d))return}catch(l){g.console.push({timestamp:this.util.isoNow(),severity:\"error\",message:l.message});var k=this;setTimeout(function(){k.onError(\"catch\",l,{force:!0})},0)}if(this.config.current.dedupe){var m=","(g.message+g.entry+g.stack).substr(0,1E4);if(m===a)return;a=m}this.log.clear();setTimeout(function(){b=!1});b=!0;this.transmitter.sendError(g,this.customer.token)}}catch(l){this.onFault(l)}}}(),onFault:function(a){var b=this.transmitter||new x;a=a||{};a={token:this.customer.token,file:a.file||a.fileName,msg:a.message||\"unknown\",stack:(a.stack||\"unknown\").substr(0,500),url:this.window.location,v:\"2.7.1\",h:\"070b1fe56dab9cff969b328c4bea0d689f2e2202\",x:this.util.uuid()};b.sendTrackerFault(a)},serialize:function(a,","b){if(this.config.current.serialize&&!b)try{return this.config.current.serialize(a)}catch(c){this.onError(\"catch\",c,{force:!0})}return this.config.defaults.serialize(a)}};p=new D(h._trackJs||h._trackJS||h._trackjs||{},function(a,b,c,d){return{attempt:function(a,d){try{var e=Array.prototype.slice.call(arguments,2);return a.apply(d||this,e)}catch(h){throw c(\"catch\",h),b.wrapError(h);}},configure:function(b){return a.setCurrent(b)},track:function(a){var b=d(a);a=a||{};if(!a.stack)try{throw Error(b);","}catch(e){a=e}c(\"direct\",a)},watch:function(a,d){return function(){try{var e=Array.prototype.slice.call(arguments,0);return a.apply(d||this,e)}catch(h){throw c(\"catch\",h),b.wrapError(h);}}},watchAll:function(a){var d=Array.prototype.slice.call(arguments,1),e;for(e in a)\"function\"===typeof a[e]&&(b.contains(d,e)||function(){var d=a[e];a[e]=function(){try{var a=Array.prototype.slice.call(arguments,0);return d.apply(this,a)}catch(e){throw c(\"catch\",e),b.wrapError(e);}}}());return a},hash:\"070b1fe56dab9cff969b328c4bea0d689f2e2202\",","version:\"2.7.1\"}},p,t,u,v,w,y,function(a){var b={};return{addMetadata:function(a,d){b[a]=d},removeMetadata:function(a){delete b[a]},report:function(){var c=[],d;for(d in b)b.hasOwnProperty(d)&&c.push({key:d,value:a(b[d])});return c},store:b}},A,x,B,C,q,h,n,z);h.trackJs=p.reveal()}})(window,document);",""],"l":{"4":2,"5":0,"6":0,"7":0,"8":0,"9":1,"10":0,"11":0,"12":0,"13":0,"14":0,"15":0,"16":0,"17":0,"18":0,"19":0,"20":0,"21":0,"22":0,"23":0,"24":0,"25":0,"26":0,"27":0,"28":0,"29":1,"30":1,"31":0,"32":0,"33":0,"34":0,"35":0,"36":0,"37":0,"38":0,"39":0,"40":0,"41":0,"43":0,"44":0,"45":0,"46":0,"47":0,"48":0,"49":0,"50":0,"51":0,"52":0,"53":0,"54":0}}}